{"level":"\u001b[32minfo\u001b[39m","message":"{\"method\":\"GET\",\"url\":\"/authorized\",\"status\":\"403\",\"responseTime\":\"113.555\"}","timestamp":"2024-12-18T05:44:04.808Z"}
{"level":"\u001b[32minfo\u001b[39m","message":"{\"method\":\"GET\",\"url\":\"/userDetails?email=sudarshps7%40gmail.com\",\"status\":\"403\",\"responseTime\":\"24.085\"}","timestamp":"2024-12-18T05:44:04.830Z"}
{"level":"\u001b[32minfo\u001b[39m","message":"{\"method\":\"GET\",\"url\":\"/authorized\",\"status\":\"403\",\"responseTime\":\"14.426\"}","timestamp":"2024-12-18T05:44:04.851Z"}
{"level":"\u001b[32minfo\u001b[39m","message":"{\"method\":\"GET\",\"url\":\"/userDetails?email=sudarshps7%40gmail.com\",\"status\":\"403\",\"responseTime\":\"27.351\"}","timestamp":"2024-12-18T05:44:04.875Z"}
{"level":"\u001b[32minfo\u001b[39m","message":"{\"method\":\"POST\",\"url\":\"/logout\",\"status\":\"200\",\"responseTime\":\"3.290\"}","timestamp":"2024-12-18T05:44:19.610Z"}
{"level":"\u001b[32minfo\u001b[39m","message":"{\"method\":\"GET\",\"url\":\"/authorized\",\"status\":\"200\",\"responseTime\":\"2.849\"}","timestamp":"2024-12-18T05:44:19.699Z"}
{"level":"\u001b[32minfo\u001b[39m","message":"{\"method\":\"GET\",\"url\":\"/authorized\",\"status\":\"304\",\"responseTime\":\"3.568\"}","timestamp":"2024-12-18T05:44:19.715Z"}
{"level":"\u001b[32minfo\u001b[39m","message":"{\"method\":\"GET\",\"url\":\"/authorized\",\"status\":\"304\",\"responseTime\":\"14.695\"}","timestamp":"2024-12-18T05:44:46.237Z"}
{"level":"\u001b[32minfo\u001b[39m","message":"{\"method\":\"GET\",\"url\":\"/authorized\",\"status\":\"304\",\"responseTime\":\"25.212\"}","timestamp":"2024-12-18T05:44:46.358Z"}
{"level":"\u001b[32minfo\u001b[39m","message":"{\"method\":\"GET\",\"url\":\"/getcarmake\",\"status\":\"304\",\"responseTime\":\"129.092\"}","timestamp":"2024-12-18T05:44:46.370Z"}
{"level":"\u001b[32minfo\u001b[39m","message":"{\"method\":\"GET\",\"url\":\"/getcartype\",\"status\":\"304\",\"responseTime\":\"199.732\"}","timestamp":"2024-12-18T05:44:46.435Z"}
{"level":"\u001b[32minfo\u001b[39m","message":"{\"method\":\"GET\",\"url\":\"/getcarmake\",\"status\":\"304\",\"responseTime\":\"66.177\"}","timestamp":"2024-12-18T05:44:46.501Z"}
{"level":"\u001b[32minfo\u001b[39m","message":"{\"method\":\"GET\",\"url\":\"/getrentcardetails?sort=&distance[]=0&userSearch=&lng=75.8882395&lat=11.1525199&carMake=&dateFrom=2024-12-20T03:30:00.000Z&dateTo=2024-12-21T03:30:00.000Z&userId=671df4d7de8c2dacbe2de9c4\",\"status\":\"200\",\"responseTime\":\"391.315\"}","timestamp":"2024-12-18T05:44:46.624Z"}
{"level":"\u001b[32minfo\u001b[39m","message":"{\"method\":\"GET\",\"url\":\"/getrentcardetails?sort=Relevance&distance[]=0&userSearch=&lng=75.8882395&lat=11.1525199&carMake=&dateFrom=2024-12-20T03:30:00.000Z&dateTo=2024-12-21T03:30:00.000Z&userId=671df4d7de8c2dacbe2de9c4\",\"status\":\"200\",\"responseTime\":\"299.306\"}","timestamp":"2024-12-18T05:44:46.657Z"}
{"level":"\u001b[32minfo\u001b[39m","message":"{\"method\":\"GET\",\"url\":\"/getcartype\",\"status\":\"304\",\"responseTime\":\"368.750\"}","timestamp":"2024-12-18T05:44:46.828Z"}
{"level":"\u001b[32minfo\u001b[39m","message":"{\"method\":\"GET\",\"url\":\"/getrentcardetails?sort=&distance[]=0&userSearch=&lng=75.8882395&lat=11.1525199&carMake=&dateFrom=2024-12-20T03:30:00.000Z&dateTo=2024-12-21T03:30:00.000Z&userId=671df4d7de8c2dacbe2de9c4\",\"status\":\"304\",\"responseTime\":\"261.031\"}","timestamp":"2024-12-18T05:44:46.889Z"}
{"level":"\u001b[32minfo\u001b[39m","message":"{\"method\":\"GET\",\"url\":\"/authorized\",\"status\":\"304\",\"responseTime\":\"4.375\"}","timestamp":"2024-12-18T05:49:03.207Z"}
{"level":"\u001b[32minfo\u001b[39m","message":"{\"method\":\"GET\",\"url\":\"/authorized\",\"status\":\"304\",\"responseTime\":\"1.918\"}","timestamp":"2024-12-18T05:49:03.212Z"}
{"level":"\u001b[32minfo\u001b[39m","message":"{\"method\":\"GET\",\"url\":\"/authorized\",\"status\":\"304\",\"responseTime\":\"2.056\"}","timestamp":"2024-12-18T05:49:21.571Z"}
{"level":"\u001b[32minfo\u001b[39m","message":"{\"method\":\"GET\",\"url\":\"/authorized\",\"status\":\"304\",\"responseTime\":\"2.144\"}","timestamp":"2024-12-18T05:49:21.602Z"}
{"level":"\u001b[32minfo\u001b[39m","message":"{\"method\":\"GET\",\"url\":\"/getcartype\",\"status\":\"304\",\"responseTime\":\"69.470\"}","timestamp":"2024-12-18T05:49:21.658Z"}
{"level":"\u001b[32minfo\u001b[39m","message":"{\"method\":\"GET\",\"url\":\"/getcarmake\",\"status\":\"304\",\"responseTime\":\"96.006\"}","timestamp":"2024-12-18T05:49:21.684Z"}
{"level":"\u001b[32minfo\u001b[39m","message":"{\"method\":\"GET\",\"url\":\"/getcartype\",\"status\":\"304\",\"responseTime\":\"74.814\"}","timestamp":"2024-12-18T05:49:21.765Z"}
{"level":"\u001b[32minfo\u001b[39m","message":"{\"method\":\"GET\",\"url\":\"/getcarmake\",\"status\":\"304\",\"responseTime\":\"68.726\"}","timestamp":"2024-12-18T05:49:21.778Z"}
{"level":"\u001b[32minfo\u001b[39m","message":"{\"method\":\"GET\",\"url\":\"/getrentcardetails?sort=&distance[]=0&userSearch=&lng=75.8882395&lat=11.1525199&carMake=&dateFrom=2024-12-20T09:00:00.000Z&dateTo=2024-12-23T00:00:00.000Z&userId=671df4d7de8c2dacbe2de9c4\",\"status\":\"200\",\"responseTime\":\"296.990\"}","timestamp":"2024-12-18T05:49:21.878Z"}
{"level":"\u001b[32minfo\u001b[39m","message":"{\"method\":\"GET\",\"url\":\"/getrentcardetails?sort=Relevance&distance[]=0&userSearch=&lng=75.8882395&lat=11.1525199&carMake=&dateFrom=2024-12-20T09:00:00.000Z&dateTo=2024-12-23T00:00:00.000Z&userId=671df4d7de8c2dacbe2de9c4\",\"status\":\"200\",\"responseTime\":\"236.052\"}","timestamp":"2024-12-18T05:49:21.930Z"}
{"level":"\u001b[32minfo\u001b[39m","message":"{\"method\":\"GET\",\"url\":\"/getrentcardetails?sort=&distance[]=0&userSearch=&lng=75.8882395&lat=11.1525199&carMake=&dateFrom=2024-12-20T09:00:00.000Z&dateTo=2024-12-23T00:00:00.000Z&userId=671df4d7de8c2dacbe2de9c4\",\"status\":\"304\",\"responseTime\":\"310.088\"}","timestamp":"2024-12-18T05:49:22.191Z"}
{"level":"\u001b[32minfo\u001b[39m","message":"{\"method\":\"GET\",\"url\":\"/authorized\",\"status\":\"304\",\"responseTime\":\"2.900\"}","timestamp":"2024-12-18T05:49:23.722Z"}
{"level":"\u001b[32minfo\u001b[39m","message":"{\"method\":\"GET\",\"url\":\"/getwalletdetails?userId=671df4d7de8c2dacbe2de9c4\",\"status\":\"200\",\"responseTime\":\"2.038\"}","timestamp":"2024-12-18T05:49:23.729Z"}
{"level":"\u001b[32minfo\u001b[39m","message":"{\"method\":\"GET\",\"url\":\"/carreview?id=671df478de8c2dacbe2de95e\",\"status\":\"200\",\"responseTime\":\"6.048\"}","timestamp":"2024-12-18T05:49:23.741Z"}
{"level":"\u001b[32minfo\u001b[39m","message":"{\"method\":\"GET\",\"url\":\"/authorized\",\"status\":\"304\",\"responseTime\":\"3.090\"}","timestamp":"2024-12-18T05:49:23.746Z"}
{"level":"\u001b[32minfo\u001b[39m","message":"{\"method\":\"GET\",\"url\":\"/getwalletdetails?userId=671df4d7de8c2dacbe2de9c4\",\"status\":\"304\",\"responseTime\":\"4.602\"}","timestamp":"2024-12-18T05:49:23.753Z"}
{"level":"\u001b[32minfo\u001b[39m","message":"{\"method\":\"GET\",\"url\":\"/carreview?id=671df478de8c2dacbe2de95e\",\"status\":\"304\",\"responseTime\":\"6.771\"}","timestamp":"2024-12-18T05:49:23.759Z"}
{"level":"\u001b[32minfo\u001b[39m","message":"{\"method\":\"GET\",\"url\":\"/cardetails?id=671df478de8c2dacbe2de95e\",\"status\":\"200\",\"responseTime\":\"77.640\"}","timestamp":"2024-12-18T05:49:23.811Z"}
{"level":"\u001b[32minfo\u001b[39m","message":"{\"method\":\"GET\",\"url\":\"/cardetails?id=671df478de8c2dacbe2de95e\",\"status\":\"304\",\"responseTime\":\"65.137\"}","timestamp":"2024-12-18T05:49:23.881Z"}
{"level":"\u001b[32minfo\u001b[39m","message":"{\"method\":\"GET\",\"url\":\"/authorized\",\"status\":\"304\",\"responseTime\":\"1.941\"}","timestamp":"2024-12-18T05:49:30.368Z"}
{"level":"\u001b[32minfo\u001b[39m","message":"{\"method\":\"GET\",\"url\":\"/authorized\",\"status\":\"304\",\"responseTime\":\"3.735\"}","timestamp":"2024-12-18T05:49:30.375Z"}
{"level":"\u001b[32minfo\u001b[39m","message":"{\"method\":\"GET\",\"url\":\"/authorized\",\"status\":\"304\",\"responseTime\":\"1.474\"}","timestamp":"2024-12-18T05:49:34.215Z"}
{"level":"\u001b[32minfo\u001b[39m","message":"{\"method\":\"GET\",\"url\":\"/authorized\",\"status\":\"304\",\"responseTime\":\"1.645\"}","timestamp":"2024-12-18T05:49:34.223Z"}
{"level":"\u001b[32minfo\u001b[39m","message":"{\"method\":\"OPTIONS\",\"url\":\"/checkMail\",\"status\":\"204\",\"responseTime\":\"9.770\"}","timestamp":"2024-12-18T05:50:26.935Z"}
{"level":"\u001b[32minfo\u001b[39m","message":"{\"method\":\"POST\",\"url\":\"/checkMail\",\"status\":\"200\",\"responseTime\":\"125.317\"}","timestamp":"2024-12-18T05:50:27.066Z"}
{"level":"\u001b[32minfo\u001b[39m","message":"{\"method\":\"OPTIONS\",\"url\":\"/sentOtp\",\"status\":\"204\",\"responseTime\":\"0.317\"}","timestamp":"2024-12-18T05:50:48.757Z"}
{"level":"\u001b[32minfo\u001b[39m","message":"{\"method\":\"POST\",\"url\":\"/sentOtp\",\"status\":\"200\",\"responseTime\":\"3636.257\"}","timestamp":"2024-12-18T05:50:52.400Z"}
{"level":"\u001b[32minfo\u001b[39m","message":"{\"method\":\"OPTIONS\",\"url\":\"/verifyOtp\",\"status\":\"204\",\"responseTime\":\"0.257\"}","timestamp":"2024-12-18T05:51:10.190Z"}
{"level":"\u001b[32minfo\u001b[39m","message":"{\"method\":\"POST\",\"url\":\"/verifyOtp\",\"status\":\"200\",\"responseTime\":\"60.330\"}","timestamp":"2024-12-18T05:51:10.254Z"}
{"level":"\u001b[32minfo\u001b[39m","message":"{\"method\":\"OPTIONS\",\"url\":\"/userRegister\",\"status\":\"204\",\"responseTime\":\"0.249\"}","timestamp":"2024-12-18T05:51:10.259Z"}
{"level":"\u001b[32minfo\u001b[39m","message":"{\"method\":\"POST\",\"url\":\"/userRegister\",\"status\":\"200\",\"responseTime\":\"418.799\"}","timestamp":"2024-12-18T05:51:10.681Z"}
{"level":"\u001b[32minfo\u001b[39m","message":"{\"method\":\"GET\",\"url\":\"/authorized\",\"status\":\"200\",\"responseTime\":\"71.472\"}","timestamp":"2024-12-18T05:51:10.825Z"}
{"level":"\u001b[32minfo\u001b[39m","message":"{\"method\":\"GET\",\"url\":\"/authorized\",\"status\":\"304\",\"responseTime\":\"65.451\"}","timestamp":"2024-12-18T05:51:10.899Z"}
{"level":"\u001b[32minfo\u001b[39m","message":"{\"method\":\"GET\",\"url\":\"/userDetails?email=reliki8126%40ronete.com\",\"status\":\"200\",\"responseTime\":\"118.112\"}","timestamp":"2024-12-18T05:51:10.994Z"}
{"level":"\u001b[32minfo\u001b[39m","message":"{\"method\":\"GET\",\"url\":\"/authorized\",\"status\":\"304\",\"responseTime\":\"72.884\"}","timestamp":"2024-12-18T05:51:18.422Z"}
{"level":"\u001b[32minfo\u001b[39m","message":"{\"method\":\"GET\",\"url\":\"/authorized\",\"status\":\"304\",\"responseTime\":\"61.550\"}","timestamp":"2024-12-18T05:51:18.486Z"}
{"level":"\u001b[32minfo\u001b[39m","message":"{\"method\":\"GET\",\"url\":\"/userDetails?email=reliki8126%40ronete.com\",\"status\":\"304\",\"responseTime\":\"151.020\"}","timestamp":"2024-12-18T05:51:18.502Z"}
{"level":"\u001b[32minfo\u001b[39m","message":"{\"method\":\"GET\",\"url\":\"/userDetails?email=reliki8126%40ronete.com\",\"status\":\"304\",\"responseTime\":\"181.392\"}","timestamp":"2024-12-18T05:51:18.687Z"}
{"level":"\u001b[32minfo\u001b[39m","message":"{\"method\":\"GET\",\"url\":\"/authorized\",\"status\":\"304\",\"responseTime\":\"90.742\"}","timestamp":"2024-12-18T05:51:23.908Z"}
{"level":"\u001b[32minfo\u001b[39m","message":"{\"method\":\"GET\",\"url\":\"/userDetails?email=reliki8126%40ronete.com\",\"status\":\"304\",\"responseTime\":\"120.028\"}","timestamp":"2024-12-18T05:51:23.947Z"}
{"level":"\u001b[32minfo\u001b[39m","message":"{\"method\":\"GET\",\"url\":\"/authorized\",\"status\":\"304\",\"responseTime\":\"69.532\"}","timestamp":"2024-12-18T05:51:23.987Z"}
{"level":"\u001b[32minfo\u001b[39m","message":"{\"method\":\"GET\",\"url\":\"/userDetails?email=reliki8126%40ronete.com\",\"status\":\"304\",\"responseTime\":\"107.754\"}","timestamp":"2024-12-18T05:51:24.065Z"}
{"level":"\u001b[32minfo\u001b[39m","message":"{\"method\":\"GET\",\"url\":\"/authorized\",\"status\":\"304\",\"responseTime\":\"67.814\"}","timestamp":"2024-12-18T05:51:25.096Z"}
{"level":"\u001b[32minfo\u001b[39m","message":"{\"method\":\"GET\",\"url\":\"/getcartype\",\"status\":\"304\",\"responseTime\":\"120.308\"}","timestamp":"2024-12-18T05:51:25.226Z"}
{"level":"\u001b[32minfo\u001b[39m","message":"{\"method\":\"GET\",\"url\":\"/getcarmake\",\"status\":\"304\",\"responseTime\":\"119.985\"}","timestamp":"2024-12-18T05:51:25.230Z"}
{"level":"\u001b[32minfo\u001b[39m","message":"{\"method\":\"GET\",\"url\":\"/authorized\",\"status\":\"304\",\"responseTime\":\"102.924\"}","timestamp":"2024-12-18T05:51:25.231Z"}
{"level":"\u001b[32minfo\u001b[39m","message":"{\"method\":\"GET\",\"url\":\"/userDetails?email=reliki8126%40ronete.com\",\"status\":\"304\",\"responseTime\":\"178.850\"}","timestamp":"2024-12-18T05:51:25.232Z"}
{"level":"\u001b[32minfo\u001b[39m","message":"{\"method\":\"GET\",\"url\":\"/getcarmake\",\"status\":\"304\",\"responseTime\":\"66.777\"}","timestamp":"2024-12-18T05:51:25.311Z"}
{"level":"\u001b[32minfo\u001b[39m","message":"{\"method\":\"GET\",\"url\":\"/getcartype\",\"status\":\"304\",\"responseTime\":\"72.026\"}","timestamp":"2024-12-18T05:51:25.323Z"}
{"level":"\u001b[32minfo\u001b[39m","message":"{\"method\":\"GET\",\"url\":\"/userDetails?email=reliki8126%40ronete.com\",\"status\":\"304\",\"responseTime\":\"135.441\"}","timestamp":"2024-12-18T05:51:25.384Z"}
{"level":"\u001b[32minfo\u001b[39m","message":"{\"method\":\"GET\",\"url\":\"/getrentcardetails?sort=Relevance&distance[]=0&userSearch=&lng=75.8882395&lat=11.1525199&carMake=&dateFrom=2024-12-21T01:30:00.000Z&dateTo=2024-12-23T16:30:00.000Z&userId=676262ce0244f51e9d53e8c1\",\"status\":\"200\",\"responseTime\":\"295.590\"}","timestamp":"2024-12-18T05:51:25.412Z"}
{"level":"\u001b[32minfo\u001b[39m","message":"{\"method\":\"GET\",\"url\":\"/getrentcardetails?sort=&distance[]=0&userSearch=&lng=75.8882395&lat=11.1525199&carMake=&dateFrom=2024-12-21T01:30:00.000Z&dateTo=2024-12-23T16:30:00.000Z&userId=676262ce0244f51e9d53e8c1\",\"status\":\"200\",\"responseTime\":\"808.985\"}","timestamp":"2024-12-18T05:51:25.866Z"}
{"level":"\u001b[32minfo\u001b[39m","message":"{\"method\":\"GET\",\"url\":\"/getrentcardetails?sort=&distance[]=0&userSearch=&lng=75.8882395&lat=11.1525199&carMake=&dateFrom=2024-12-21T01:30:00.000Z&dateTo=2024-12-23T16:30:00.000Z&userId=676262ce0244f51e9d53e8c1\",\"status\":\"304\",\"responseTime\":\"299.954\"}","timestamp":"2024-12-18T05:51:26.183Z"}
{"level":"\u001b[32minfo\u001b[39m","message":"{\"method\":\"GET\",\"url\":\"/cardetails?id=6731f6313b617730bc717b8f\",\"status\":\"200\",\"responseTime\":\"67.431\"}","timestamp":"2024-12-18T05:51:27.375Z"}
{"level":"\u001b[32minfo\u001b[39m","message":"{\"method\":\"GET\",\"url\":\"/authorized\",\"status\":\"304\",\"responseTime\":\"73.725\"}","timestamp":"2024-12-18T05:51:27.380Z"}
{"level":"\u001b[32minfo\u001b[39m","message":"{\"method\":\"GET\",\"url\":\"/carreview?id=6731f6313b617730bc717b8f\",\"status\":\"200\",\"responseTime\":\"135.441\"}","timestamp":"2024-12-18T05:51:27.436Z"}
{"level":"\u001b[32minfo\u001b[39m","message":"{\"method\":\"GET\",\"url\":\"/cardetails?id=6731f6313b617730bc717b8f\",\"status\":\"304\",\"responseTime\":\"60.368\"}","timestamp":"2024-12-18T05:51:27.468Z"}
{"level":"\u001b[32minfo\u001b[39m","message":"{\"method\":\"GET\",\"url\":\"/authorized\",\"status\":\"304\",\"responseTime\":\"66.447\"}","timestamp":"2024-12-18T05:51:27.476Z"}
{"level":"\u001b[32minfo\u001b[39m","message":"{\"method\":\"GET\",\"url\":\"/userDetails?email=reliki8126%40ronete.com\",\"status\":\"304\",\"responseTime\":\"182.442\"}","timestamp":"2024-12-18T05:51:27.488Z"}
{"level":"\u001b[32minfo\u001b[39m","message":"{\"method\":\"GET\",\"url\":\"/getwalletdetails?userId=676262ce0244f51e9d53e8c1\",\"status\":\"200\",\"responseTime\":\"223.888\"}","timestamp":"2024-12-18T05:51:27.516Z"}
{"level":"\u001b[32minfo\u001b[39m","message":"{\"method\":\"GET\",\"url\":\"/carreview?id=6731f6313b617730bc717b8f\",\"status\":\"304\",\"responseTime\":\"115.867\"}","timestamp":"2024-12-18T05:51:27.571Z"}
{"level":"\u001b[32minfo\u001b[39m","message":"{\"method\":\"GET\",\"url\":\"/userDetails?email=reliki8126%40ronete.com\",\"status\":\"304\",\"responseTime\":\"155.418\"}","timestamp":"2024-12-18T05:51:27.647Z"}
{"level":"\u001b[32minfo\u001b[39m","message":"{\"method\":\"GET\",\"url\":\"/getwalletdetails?userId=676262ce0244f51e9d53e8c1\",\"status\":\"304\",\"responseTime\":\"236.749\"}","timestamp":"2024-12-18T05:51:27.763Z"}
{"level":"\u001b[32minfo\u001b[39m","message":"{\"method\":\"GET\",\"url\":\"/authorized\",\"status\":\"304\",\"responseTime\":\"66.870\"}","timestamp":"2024-12-18T05:51:31.781Z"}
{"level":"\u001b[32minfo\u001b[39m","message":"{\"method\":\"GET\",\"url\":\"/userDetails?email=reliki8126%40ronete.com\",\"status\":\"304\",\"responseTime\":\"136.133\"}","timestamp":"2024-12-18T05:51:31.856Z"}
{"level":"\u001b[32minfo\u001b[39m","message":"{\"method\":\"GET\",\"url\":\"/authorized\",\"status\":\"304\",\"responseTime\":\"83.848\"}","timestamp":"2024-12-18T05:51:31.868Z"}
{"level":"\u001b[32minfo\u001b[39m","message":"{\"method\":\"GET\",\"url\":\"/userDetails?email=reliki8126%40ronete.com\",\"status\":\"304\",\"responseTime\":\"130.170\"}","timestamp":"2024-12-18T05:51:32.001Z"}
{"level":"\u001b[32minfo\u001b[39m","message":"{\"method\":\"POST\",\"url\":\"/userprofile\",\"status\":\"200\",\"responseTime\":\"1267.635\"}","timestamp":"2024-12-18T05:52:58.952Z"}
{"level":"\u001b[32minfo\u001b[39m","message":"{\"method\":\"GET\",\"url\":\"/authorized\",\"status\":\"304\",\"responseTime\":\"70.135\"}","timestamp":"2024-12-18T05:53:02.122Z"}
{"level":"\u001b[32minfo\u001b[39m","message":"{\"method\":\"GET\",\"url\":\"/userDetails?email=reliki8126%40ronete.com\",\"status\":\"200\",\"responseTime\":\"124.140\"}","timestamp":"2024-12-18T05:53:02.183Z"}
{"level":"\u001b[32minfo\u001b[39m","message":"{\"method\":\"GET\",\"url\":\"/authorized\",\"status\":\"304\",\"responseTime\":\"63.841\"}","timestamp":"2024-12-18T05:53:02.193Z"}
{"level":"\u001b[32minfo\u001b[39m","message":"{\"method\":\"GET\",\"url\":\"/userDetails?email=reliki8126%40ronete.com\",\"status\":\"304\",\"responseTime\":\"138.520\"}","timestamp":"2024-12-18T05:53:02.336Z"}
{"level":"\u001b[32minfo\u001b[39m","message":"{\"method\":\"OPTIONS\",\"url\":\"/admin/adminlogin\",\"status\":\"204\",\"responseTime\":\"0.194\"}","timestamp":"2024-12-18T05:53:14.131Z"}
{"level":"\u001b[32minfo\u001b[39m","message":"{\"method\":\"POST\",\"url\":\"/admin/adminlogin\",\"status\":\"200\",\"responseTime\":\"5.190\"}","timestamp":"2024-12-18T05:53:14.139Z"}
{"level":"\u001b[32minfo\u001b[39m","message":"{\"method\":\"OPTIONS\",\"url\":\"/admin/leaderboardorder\",\"status\":\"204\",\"responseTime\":\"0.313\"}","timestamp":"2024-12-18T05:53:14.326Z"}
{"level":"\u001b[32minfo\u001b[39m","message":"{\"method\":\"OPTIONS\",\"url\":\"/admin/recentorders\",\"status\":\"204\",\"responseTime\":\"0.264\"}","timestamp":"2024-12-18T05:53:14.336Z"}
{"level":"\u001b[32minfo\u001b[39m","message":"{\"method\":\"OPTIONS\",\"url\":\"/admin/allorderdetails\",\"status\":\"204\",\"responseTime\":\"0.277\"}","timestamp":"2024-12-18T05:53:14.341Z"}
{"level":"\u001b[32minfo\u001b[39m","message":"{\"method\":\"OPTIONS\",\"url\":\"/admin/leaderboardorder\",\"status\":\"204\",\"responseTime\":\"0.280\"}","timestamp":"2024-12-18T05:53:14.344Z"}
{"level":"\u001b[32minfo\u001b[39m","message":"{\"method\":\"OPTIONS\",\"url\":\"/admin/recentorders\",\"status\":\"204\",\"responseTime\":\"0.423\"}","timestamp":"2024-12-18T05:53:14.347Z"}
{"level":"\u001b[32minfo\u001b[39m","message":"{\"method\":\"OPTIONS\",\"url\":\"/admin/allorderdetails\",\"status\":\"204\",\"responseTime\":\"0.412\"}","timestamp":"2024-12-18T05:53:14.350Z"}
{"level":"\u001b[32minfo\u001b[39m","message":"{\"method\":\"GET\",\"url\":\"/admin/leaderboardorder\",\"status\":\"200\",\"responseTime\":\"70.053\"}","timestamp":"2024-12-18T05:53:14.427Z"}
{"level":"\u001b[32minfo\u001b[39m","message":"{\"method\":\"GET\",\"url\":\"/admin/allorderdetails\",\"status\":\"200\",\"responseTime\":\"73.816\"}","timestamp":"2024-12-18T05:53:14.444Z"}
{"level":"\u001b[32minfo\u001b[39m","message":"{\"method\":\"GET\",\"url\":\"/admin/leaderboardorder\",\"status\":\"304\",\"responseTime\":\"61.083\"}","timestamp":"2024-12-18T05:53:14.508Z"}
{"level":"\u001b[32minfo\u001b[39m","message":"{\"method\":\"GET\",\"url\":\"/admin/allorderdetails\",\"status\":\"304\",\"responseTime\":\"61.666\"}","timestamp":"2024-12-18T05:53:14.516Z"}
{"level":"\u001b[32minfo\u001b[39m","message":"{\"method\":\"GET\",\"url\":\"/admin/recentorders\",\"status\":\"200\",\"responseTime\":\"210.670\"}","timestamp":"2024-12-18T05:53:14.568Z"}
{"level":"\u001b[32minfo\u001b[39m","message":"{\"method\":\"GET\",\"url\":\"/admin/recentorders\",\"status\":\"304\",\"responseTime\":\"179.357\"}","timestamp":"2024-12-18T05:53:14.758Z"}
{"level":"\u001b[32minfo\u001b[39m","message":"{\"method\":\"OPTIONS\",\"url\":\"/admin/getuserlist\",\"status\":\"204\",\"responseTime\":\"1.941\"}","timestamp":"2024-12-18T05:53:15.708Z"}
{"level":"\u001b[32minfo\u001b[39m","message":"{\"method\":\"OPTIONS\",\"url\":\"/admin/getuserlist\",\"status\":\"204\",\"responseTime\":\"0.260\"}","timestamp":"2024-12-18T05:53:15.711Z"}
{"level":"\u001b[32minfo\u001b[39m","message":"{\"method\":\"GET\",\"url\":\"/admin/getuserlist\",\"status\":\"200\",\"responseTime\":\"119.569\"}","timestamp":"2024-12-18T05:53:15.833Z"}
{"level":"\u001b[32minfo\u001b[39m","message":"{\"method\":\"GET\",\"url\":\"/admin/getuserlist\",\"status\":\"304\",\"responseTime\":\"70.814\"}","timestamp":"2024-12-18T05:53:15.914Z"}
{"level":"\u001b[32minfo\u001b[39m","message":"{\"method\":\"OPTIONS\",\"url\":\"/admin/getuserdetails?id=676262ce0244f51e9d53e8c1\",\"status\":\"204\",\"responseTime\":\"0.244\"}","timestamp":"2024-12-18T05:53:21.244Z"}
{"level":"\u001b[32minfo\u001b[39m","message":"{\"method\":\"OPTIONS\",\"url\":\"/admin/getuserdetails?id=676262ce0244f51e9d53e8c1\",\"status\":\"204\",\"responseTime\":\"0.243\"}","timestamp":"2024-12-18T05:53:21.246Z"}
{"level":"\u001b[32minfo\u001b[39m","message":"{\"method\":\"GET\",\"url\":\"/admin/getuserdetails?id=676262ce0244f51e9d53e8c1\",\"status\":\"200\",\"responseTime\":\"124.425\"}","timestamp":"2024-12-18T05:53:21.381Z"}
{"level":"\u001b[32minfo\u001b[39m","message":"{\"method\":\"GET\",\"url\":\"/admin/getuserdetails?id=676262ce0244f51e9d53e8c1\",\"status\":\"304\",\"responseTime\":\"84.189\"}","timestamp":"2024-12-18T05:53:21.471Z"}
{"level":"\u001b[32minfo\u001b[39m","message":"{\"method\":\"OPTIONS\",\"url\":\"/admin/verifyuser\",\"status\":\"204\",\"responseTime\":\"0.260\"}","timestamp":"2024-12-18T05:53:22.621Z"}
{"level":"\u001b[32minfo\u001b[39m","message":"{\"method\":\"POST\",\"url\":\"/admin/verifyuser\",\"status\":\"200\",\"responseTime\":\"70.882\"}","timestamp":"2024-12-18T05:53:22.694Z"}
{"level":"\u001b[32minfo\u001b[39m","message":"{\"method\":\"GET\",\"url\":\"/admin/getuserdetails?id=676262ce0244f51e9d53e8c1\",\"status\":\"200\",\"responseTime\":\"61.994\"}","timestamp":"2024-12-18T05:53:22.782Z"}
{"level":"\u001b[32minfo\u001b[39m","message":"{\"method\":\"GET\",\"url\":\"/authorized\",\"status\":\"304\",\"responseTime\":\"77.691\"}","timestamp":"2024-12-18T05:53:28.537Z"}
{"level":"\u001b[32minfo\u001b[39m","message":"{\"method\":\"GET\",\"url\":\"/userDetails?email=reliki8126%40ronete.com\",\"status\":\"200\",\"responseTime\":\"157.911\"}","timestamp":"2024-12-18T05:53:28.623Z"}
{"level":"\u001b[32minfo\u001b[39m","message":"{\"method\":\"GET\",\"url\":\"/authorized\",\"status\":\"304\",\"responseTime\":\"62.839\"}","timestamp":"2024-12-18T05:53:28.632Z"}
{"level":"\u001b[32minfo\u001b[39m","message":"{\"method\":\"GET\",\"url\":\"/userDetails?email=reliki8126%40ronete.com\",\"status\":\"304\",\"responseTime\":\"137.119\"}","timestamp":"2024-12-18T05:53:28.768Z"}
{"level":"\u001b[32minfo\u001b[39m","message":"{\"method\":\"GET\",\"url\":\"/authorized\",\"status\":\"304\",\"responseTime\":\"63.414\"}","timestamp":"2024-12-18T05:53:32.029Z"}
{"level":"\u001b[32minfo\u001b[39m","message":"{\"method\":\"GET\",\"url\":\"/authorized\",\"status\":\"304\",\"responseTime\":\"63.599\"}","timestamp":"2024-12-18T05:53:32.096Z"}
{"level":"\u001b[32minfo\u001b[39m","message":"{\"method\":\"GET\",\"url\":\"/userDetails?email=reliki8126%40ronete.com\",\"status\":\"304\",\"responseTime\":\"144.103\"}","timestamp":"2024-12-18T05:53:32.116Z"}
{"level":"\u001b[32minfo\u001b[39m","message":"{\"method\":\"GET\",\"url\":\"/userDetails?email=reliki8126%40ronete.com\",\"status\":\"304\",\"responseTime\":\"132.124\"}","timestamp":"2024-12-18T05:53:32.254Z"}
{"level":"\u001b[32minfo\u001b[39m","message":"{\"method\":\"GET\",\"url\":\"/userDetails?email=reliki8126%40ronete.com\",\"status\":\"304\",\"responseTime\":\"125.224\"}","timestamp":"2024-12-18T05:53:32.382Z"}
{"level":"\u001b[32minfo\u001b[39m","message":"{\"method\":\"GET\",\"url\":\"/userDetails?email=reliki8126%40ronete.com\",\"status\":\"304\",\"responseTime\":\"207.038\"}","timestamp":"2024-12-18T05:53:32.592Z"}
{"level":"\u001b[32minfo\u001b[39m","message":"{\"method\":\"GET\",\"url\":\"/userDetails?email=reliki8126%40ronete.com\",\"status\":\"304\",\"responseTime\":\"152.931\"}","timestamp":"2024-12-18T05:53:32.746Z"}
{"level":"\u001b[32minfo\u001b[39m","message":"{\"method\":\"GET\",\"url\":\"/authorized\",\"status\":\"304\",\"responseTime\":\"66.812\"}","timestamp":"2024-12-18T05:53:41.739Z"}
{"level":"\u001b[32minfo\u001b[39m","message":"{\"method\":\"GET\",\"url\":\"/getcarmake\",\"status\":\"304\",\"responseTime\":\"95.580\"}","timestamp":"2024-12-18T05:53:41.778Z"}
{"level":"\u001b[32minfo\u001b[39m","message":"{\"method\":\"GET\",\"url\":\"/getcartype\",\"status\":\"304\",\"responseTime\":\"99.482\"}","timestamp":"2024-12-18T05:53:41.779Z"}
{"level":"\u001b[32minfo\u001b[39m","message":"{\"method\":\"GET\",\"url\":\"/authorized\",\"status\":\"304\",\"responseTime\":\"63.221\"}","timestamp":"2024-12-18T05:53:41.807Z"}
{"level":"\u001b[32minfo\u001b[39m","message":"{\"method\":\"GET\",\"url\":\"/userDetails?email=reliki8126%40ronete.com\",\"status\":\"304\",\"responseTime\":\"145.064\"}","timestamp":"2024-12-18T05:53:41.821Z"}
{"level":"\u001b[32minfo\u001b[39m","message":"{\"method\":\"GET\",\"url\":\"/getcarmake\",\"status\":\"304\",\"responseTime\":\"63.567\"}","timestamp":"2024-12-18T05:53:41.845Z"}
{"level":"\u001b[32minfo\u001b[39m","message":"{\"method\":\"GET\",\"url\":\"/getcartype\",\"status\":\"304\",\"responseTime\":\"59.224\"}","timestamp":"2024-12-18T05:53:41.849Z"}
{"level":"\u001b[32minfo\u001b[39m","message":"{\"method\":\"GET\",\"url\":\"/userDetails?email=reliki8126%40ronete.com\",\"status\":\"304\",\"responseTime\":\"111.142\"}","timestamp":"2024-12-18T05:53:41.938Z"}
{"level":"\u001b[32minfo\u001b[39m","message":"{\"method\":\"GET\",\"url\":\"/authorized\",\"status\":\"304\",\"responseTime\":\"56.266\"}","timestamp":"2024-12-18T05:53:46.056Z"}
{"level":"\u001b[32minfo\u001b[39m","message":"{\"method\":\"GET\",\"url\":\"/userDetails?email=reliki8126%40ronete.com\",\"status\":\"304\",\"responseTime\":\"117.365\"}","timestamp":"2024-12-18T05:53:46.122Z"}
{"level":"\u001b[32minfo\u001b[39m","message":"{\"method\":\"GET\",\"url\":\"/authorized\",\"status\":\"304\",\"responseTime\":\"63.087\"}","timestamp":"2024-12-18T05:53:46.127Z"}
{"level":"\u001b[32minfo\u001b[39m","message":"{\"method\":\"GET\",\"url\":\"/userDetails?email=reliki8126%40ronete.com\",\"status\":\"304\",\"responseTime\":\"112.662\"}","timestamp":"2024-12-18T05:53:46.239Z"}
{"level":"\u001b[32minfo\u001b[39m","message":"{\"method\":\"GET\",\"url\":\"/authorized\",\"status\":\"304\",\"responseTime\":\"73.204\"}","timestamp":"2024-12-18T05:53:48.124Z"}
{"level":"\u001b[32minfo\u001b[39m","message":"{\"method\":\"GET\",\"url\":\"/userorders?userId=676262ce0244f51e9d53e8c1\",\"status\":\"200\",\"responseTime\":\"143.947\"}","timestamp":"2024-12-18T05:53:48.192Z"}
{"level":"\u001b[32minfo\u001b[39m","message":"{\"method\":\"GET\",\"url\":\"/userDetails?email=reliki8126%40ronete.com\",\"status\":\"304\",\"responseTime\":\"144.653\"}","timestamp":"2024-12-18T05:53:48.204Z"}
{"level":"\u001b[32minfo\u001b[39m","message":"{\"method\":\"GET\",\"url\":\"/authorized\",\"status\":\"304\",\"responseTime\":\"69.377\"}","timestamp":"2024-12-18T05:53:48.210Z"}
{"level":"\u001b[32minfo\u001b[39m","message":"{\"method\":\"GET\",\"url\":\"/userorders?userId=676262ce0244f51e9d53e8c1\",\"status\":\"304\",\"responseTime\":\"119.412\"}","timestamp":"2024-12-18T05:53:48.314Z"}
{"level":"\u001b[32minfo\u001b[39m","message":"{\"method\":\"GET\",\"url\":\"/userDetails?email=reliki8126%40ronete.com\",\"status\":\"304\",\"responseTime\":\"173.475\"}","timestamp":"2024-12-18T05:53:48.386Z"}
{"level":"\u001b[32minfo\u001b[39m","message":"{\"method\":\"GET\",\"url\":\"/authorized\",\"status\":\"304\",\"responseTime\":\"78.248\"}","timestamp":"2024-12-18T05:53:50.211Z"}
{"level":"\u001b[32minfo\u001b[39m","message":"{\"method\":\"GET\",\"url\":\"/userDetails?email=reliki8126%40ronete.com\",\"status\":\"304\",\"responseTime\":\"130.623\"}","timestamp":"2024-12-18T05:53:50.268Z"}
{"level":"\u001b[32minfo\u001b[39m","message":"{\"method\":\"GET\",\"url\":\"/authorized\",\"status\":\"304\",\"responseTime\":\"57.812\"}","timestamp":"2024-12-18T05:53:50.274Z"}
{"level":"\u001b[32minfo\u001b[39m","message":"{\"method\":\"GET\",\"url\":\"/getwalletdetails?userId=676262ce0244f51e9d53e8c1\",\"status\":\"304\",\"responseTime\":\"214.239\"}","timestamp":"2024-12-18T05:53:50.353Z"}
{"level":"\u001b[32minfo\u001b[39m","message":"{\"method\":\"GET\",\"url\":\"/userDetails?email=reliki8126%40ronete.com\",\"status\":\"304\",\"responseTime\":\"128.065\"}","timestamp":"2024-12-18T05:53:50.401Z"}
{"level":"\u001b[32minfo\u001b[39m","message":"{\"method\":\"GET\",\"url\":\"/getwalletdetails?userId=676262ce0244f51e9d53e8c1\",\"status\":\"304\",\"responseTime\":\"251.565\"}","timestamp":"2024-12-18T05:53:50.607Z"}
{"level":"\u001b[32minfo\u001b[39m","message":"{\"method\":\"GET\",\"url\":\"/authorized\",\"status\":\"304\",\"responseTime\":\"95.371\"}","timestamp":"2024-12-18T05:53:51.739Z"}
{"level":"\u001b[32minfo\u001b[39m","message":"{\"method\":\"GET\",\"url\":\"/authorized\",\"status\":\"304\",\"responseTime\":\"65.305\"}","timestamp":"2024-12-18T05:53:51.809Z"}
{"level":"\u001b[32minfo\u001b[39m","message":"{\"method\":\"GET\",\"url\":\"/userDetails?email=reliki8126%40ronete.com\",\"status\":\"304\",\"responseTime\":\"169.649\"}","timestamp":"2024-12-18T05:53:51.819Z"}
{"level":"\u001b[32minfo\u001b[39m","message":"{\"method\":\"GET\",\"url\":\"/userDetails?email=reliki8126%40ronete.com\",\"status\":\"304\",\"responseTime\":\"121.446\"}","timestamp":"2024-12-18T05:53:51.943Z"}
{"level":"\u001b[32minfo\u001b[39m","message":"{\"method\":\"GET\",\"url\":\"/getcartype\",\"status\":\"304\",\"responseTime\":\"84.171\"}","timestamp":"2024-12-18T05:53:53.023Z"}
{"level":"\u001b[32minfo\u001b[39m","message":"{\"method\":\"GET\",\"url\":\"/authorized\",\"status\":\"304\",\"responseTime\":\"117.417\"}","timestamp":"2024-12-18T05:53:53.025Z"}
{"level":"\u001b[32minfo\u001b[39m","message":"{\"method\":\"GET\",\"url\":\"/getcarmake\",\"status\":\"304\",\"responseTime\":\"95.576\"}","timestamp":"2024-12-18T05:53:53.027Z"}
{"level":"\u001b[32minfo\u001b[39m","message":"{\"method\":\"GET\",\"url\":\"/userDetails?email=reliki8126%40ronete.com\",\"status\":\"304\",\"responseTime\":\"212.242\"}","timestamp":"2024-12-18T05:53:53.121Z"}
{"level":"\u001b[32minfo\u001b[39m","message":"{\"method\":\"GET\",\"url\":\"/getcartype\",\"status\":\"304\",\"responseTime\":\"85.681\"}","timestamp":"2024-12-18T05:53:53.128Z"}
{"level":"\u001b[32minfo\u001b[39m","message":"{\"method\":\"GET\",\"url\":\"/authorized\",\"status\":\"304\",\"responseTime\":\"87.295\"}","timestamp":"2024-12-18T05:53:53.140Z"}
{"level":"\u001b[32minfo\u001b[39m","message":"{\"method\":\"GET\",\"url\":\"/getcarmake\",\"status\":\"304\",\"responseTime\":\"112.182\"}","timestamp":"2024-12-18T05:53:53.157Z"}
{"level":"\u001b[32minfo\u001b[39m","message":"{\"method\":\"GET\",\"url\":\"/getrentcardetails?sort=&distance[]=0&userSearch=&lng=75.8882395&lat=11.1525199&carMake=&dateFrom=2024-12-21T18:00:00.000Z&dateTo=2024-12-24T09:00:00.000Z&userId=676262ce0244f51e9d53e8c1\",\"status\":\"200\",\"responseTime\":\"323.059\"}","timestamp":"2024-12-18T05:53:53.247Z"}
{"level":"\u001b[32minfo\u001b[39m","message":"{\"method\":\"GET\",\"url\":\"/userDetails?email=reliki8126%40ronete.com\",\"status\":\"304\",\"responseTime\":\"166.280\"}","timestamp":"2024-12-18T05:53:53.311Z"}
{"level":"\u001b[32minfo\u001b[39m","message":"{\"method\":\"GET\",\"url\":\"/getrentcardetails?sort=&distance[]=0&userSearch=&lng=75.8882395&lat=11.1525199&carMake=&dateFrom=2024-12-21T18:00:00.000Z&dateTo=2024-12-24T09:00:00.000Z&userId=676262ce0244f51e9d53e8c1\",\"status\":\"304\",\"responseTime\":\"232.484\"}","timestamp":"2024-12-18T05:53:53.484Z"}
{"level":"\u001b[32minfo\u001b[39m","message":"{\"method\":\"GET\",\"url\":\"/getrentcardetails?sort=Relevance&distance[]=0&userSearch=&lng=75.8882395&lat=11.1525199&carMake=&dateFrom=2024-12-21T18:00:00.000Z&dateTo=2024-12-24T09:00:00.000Z&userId=676262ce0244f51e9d53e8c1\",\"status\":\"200\",\"responseTime\":\"861.910\"}","timestamp":"2024-12-18T05:53:53.841Z"}
{"level":"\u001b[32minfo\u001b[39m","message":"{\"method\":\"GET\",\"url\":\"/cardetails?id=671df046de8c2dacbe2de697\",\"status\":\"200\",\"responseTime\":\"51.117\"}","timestamp":"2024-12-18T05:53:54.904Z"}
{"level":"\u001b[32minfo\u001b[39m","message":"{\"method\":\"GET\",\"url\":\"/authorized\",\"status\":\"304\",\"responseTime\":\"54.572\"}","timestamp":"2024-12-18T05:53:54.922Z"}
{"level":"\u001b[32minfo\u001b[39m","message":"{\"method\":\"GET\",\"url\":\"/cardetails?id=671df046de8c2dacbe2de697\",\"status\":\"304\",\"responseTime\":\"56.060\"}","timestamp":"2024-12-18T05:53:54.964Z"}
{"level":"\u001b[32minfo\u001b[39m","message":"{\"method\":\"GET\",\"url\":\"/carreview?id=671df046de8c2dacbe2de697\",\"status\":\"200\",\"responseTime\":\"117.884\"}","timestamp":"2024-12-18T05:53:54.976Z"}
{"level":"\u001b[32minfo\u001b[39m","message":"{\"method\":\"GET\",\"url\":\"/authorized\",\"status\":\"304\",\"responseTime\":\"78.797\"}","timestamp":"2024-12-18T05:53:55.004Z"}
{"level":"\u001b[32minfo\u001b[39m","message":"{\"method\":\"GET\",\"url\":\"/userDetails?email=reliki8126%40ronete.com\",\"status\":\"304\",\"responseTime\":\"155.950\"}","timestamp":"2024-12-18T05:53:55.037Z"}
{"level":"\u001b[32minfo\u001b[39m","message":"{\"method\":\"GET\",\"url\":\"/getwalletdetails?userId=676262ce0244f51e9d53e8c1\",\"status\":\"304\",\"responseTime\":\"245.429\"}","timestamp":"2024-12-18T05:53:55.118Z"}
{"level":"\u001b[32minfo\u001b[39m","message":"{\"method\":\"GET\",\"url\":\"/userDetails?email=reliki8126%40ronete.com\",\"status\":\"304\",\"responseTime\":\"140.065\"}","timestamp":"2024-12-18T05:53:55.186Z"}
{"level":"\u001b[32minfo\u001b[39m","message":"{\"method\":\"GET\",\"url\":\"/carreview?id=671df046de8c2dacbe2de697\",\"status\":\"304\",\"responseTime\":\"157.276\"}","timestamp":"2024-12-18T05:53:55.194Z"}
{"level":"\u001b[32minfo\u001b[39m","message":"{\"method\":\"GET\",\"url\":\"/getwalletdetails?userId=676262ce0244f51e9d53e8c1\",\"status\":\"304\",\"responseTime\":\"185.236\"}","timestamp":"2024-12-18T05:53:55.326Z"}
{"level":"\u001b[32minfo\u001b[39m","message":"{\"method\":\"GET\",\"url\":\"/getwalletdetails?userId=676262ce0244f51e9d53e8c1\",\"status\":\"304\",\"responseTime\":\"526.561\"}","timestamp":"2024-12-18T05:53:59.923Z"}
{"level":"\u001b[32minfo\u001b[39m","message":"{\"method\":\"OPTIONS\",\"url\":\"/order\",\"status\":\"204\",\"responseTime\":\"0.368\"}","timestamp":"2024-12-18T05:54:00.070Z"}
{"level":"\u001b[32minfo\u001b[39m","message":"{\"method\":\"POST\",\"url\":\"/order\",\"status\":\"200\",\"responseTime\":\"1419.854\"}","timestamp":"2024-12-18T05:54:01.492Z"}
{"level":"\u001b[32minfo\u001b[39m","message":"{\"method\":\"OPTIONS\",\"url\":\"/successorder\",\"status\":\"204\",\"responseTime\":\"0.295\"}","timestamp":"2024-12-18T05:54:24.611Z"}
{"level":"\u001b[32minfo\u001b[39m","message":"{\"method\":\"POST\",\"url\":\"/successorder\",\"status\":\"200\",\"responseTime\":\"185.707\"}","timestamp":"2024-12-18T05:54:24.801Z"}
{"level":"\u001b[32minfo\u001b[39m","message":"{\"method\":\"GET\",\"url\":\"/authorized\",\"status\":\"304\",\"responseTime\":\"65.351\"}","timestamp":"2024-12-18T05:54:24.936Z"}
{"level":"\u001b[32minfo\u001b[39m","message":"{\"method\":\"GET\",\"url\":\"/userDetails?email=reliki8126%40ronete.com\",\"status\":\"304\",\"responseTime\":\"118.462\"}","timestamp":"2024-12-18T05:54:24.990Z"}
{"level":"\u001b[32minfo\u001b[39m","message":"{\"method\":\"GET\",\"url\":\"/authorized\",\"status\":\"304\",\"responseTime\":\"65.129\"}","timestamp":"2024-12-18T05:54:25.003Z"}
{"level":"\u001b[32minfo\u001b[39m","message":"{\"method\":\"GET\",\"url\":\"/orderdetails?orderId=676263900244f51e9d53e992\",\"status\":\"200\",\"responseTime\":\"233.583\"}","timestamp":"2024-12-18T05:54:25.096Z"}
{"level":"\u001b[32minfo\u001b[39m","message":"{\"method\":\"GET\",\"url\":\"/userDetails?email=reliki8126%40ronete.com\",\"status\":\"304\",\"responseTime\":\"102.811\"}","timestamp":"2024-12-18T05:54:25.098Z"}
{"level":"\u001b[32minfo\u001b[39m","message":"{\"method\":\"GET\",\"url\":\"/orderdetails?orderId=676263900244f51e9d53e992\",\"status\":\"304\",\"responseTime\":\"233.271\"}","timestamp":"2024-12-18T05:54:25.334Z"}
{"level":"\u001b[32minfo\u001b[39m","message":"{\"method\":\"GET\",\"url\":\"/authorized\",\"status\":\"304\",\"responseTime\":\"62.289\"}","timestamp":"2024-12-18T05:54:27.079Z"}
{"level":"\u001b[32minfo\u001b[39m","message":"{\"method\":\"GET\",\"url\":\"/userDetails?email=reliki8126%40ronete.com\",\"status\":\"304\",\"responseTime\":\"112.233\"}","timestamp":"2024-12-18T05:54:27.133Z"}
{"level":"\u001b[32minfo\u001b[39m","message":"{\"method\":\"GET\",\"url\":\"/authorized\",\"status\":\"304\",\"responseTime\":\"52.150\"}","timestamp":"2024-12-18T05:54:27.137Z"}
{"level":"\u001b[32minfo\u001b[39m","message":"{\"method\":\"GET\",\"url\":\"/userDetails?email=reliki8126%40ronete.com\",\"status\":\"304\",\"responseTime\":\"100.430\"}","timestamp":"2024-12-18T05:54:27.243Z"}
{"level":"\u001b[32minfo\u001b[39m","message":"{\"method\":\"GET\",\"url\":\"/orderdetails?orderId=676263900244f51e9d53e992\",\"status\":\"304\",\"responseTime\":\"237.926\"}","timestamp":"2024-12-18T05:54:27.265Z"}
{"level":"\u001b[32minfo\u001b[39m","message":"{\"method\":\"GET\",\"url\":\"/orderdetails?orderId=676263900244f51e9d53e992\",\"status\":\"304\",\"responseTime\":\"250.013\"}","timestamp":"2024-12-18T05:54:27.520Z"}
{"level":"\u001b[32minfo\u001b[39m","message":"{\"method\":\"GET\",\"url\":\"/authorized\",\"status\":\"304\",\"responseTime\":\"98.432\"}","timestamp":"2024-12-18T05:54:30.961Z"}
{"level":"\u001b[32minfo\u001b[39m","message":"{\"method\":\"GET\",\"url\":\"/userDetails?email=reliki8126%40ronete.com\",\"status\":\"304\",\"responseTime\":\"129.157\"}","timestamp":"2024-12-18T05:54:31.008Z"}
{"level":"\u001b[32minfo\u001b[39m","message":"{\"method\":\"GET\",\"url\":\"/authorized\",\"status\":\"304\",\"responseTime\":\"68.040\"}","timestamp":"2024-12-18T05:54:31.032Z"}
{"level":"\u001b[32minfo\u001b[39m","message":"{\"method\":\"GET\",\"url\":\"/userDetails?email=reliki8126%40ronete.com\",\"status\":\"304\",\"responseTime\":\"99.711\"}","timestamp":"2024-12-18T05:54:31.112Z"}
{"level":"\u001b[32minfo\u001b[39m","message":"{\"method\":\"GET\",\"url\":\"/chat/getchat?userId=676262ce0244f51e9d53e8c1\",\"status\":\"200\",\"responseTime\":\"123.868\"}","timestamp":"2024-12-18T05:54:34.241Z"}
{"level":"\u001b[32minfo\u001b[39m","message":"{\"method\":\"GET\",\"url\":\"/authorized\",\"status\":\"304\",\"responseTime\":\"73.747\"}","timestamp":"2024-12-18T05:54:37.780Z"}
{"level":"\u001b[32minfo\u001b[39m","message":"{\"method\":\"GET\",\"url\":\"/userDetails?email=reliki8126%40ronete.com\",\"status\":\"304\",\"responseTime\":\"133.339\"}","timestamp":"2024-12-18T05:54:37.833Z"}
{"level":"\u001b[32minfo\u001b[39m","message":"{\"method\":\"GET\",\"url\":\"/authorized\",\"status\":\"304\",\"responseTime\":\"78.356\"}","timestamp":"2024-12-18T05:54:37.863Z"}
{"level":"\u001b[32minfo\u001b[39m","message":"{\"method\":\"GET\",\"url\":\"/userDetails?email=reliki8126%40ronete.com\",\"status\":\"304\",\"responseTime\":\"146.161\"}","timestamp":"2024-12-18T05:54:37.992Z"}
{"level":"\u001b[32minfo\u001b[39m","message":"{\"method\":\"GET\",\"url\":\"/userorders?userId=676262ce0244f51e9d53e8c1\",\"status\":\"200\",\"responseTime\":\"292.243\"}","timestamp":"2024-12-18T05:54:38.000Z"}
{"level":"\u001b[32minfo\u001b[39m","message":"{\"method\":\"GET\",\"url\":\"/userorders?userId=676262ce0244f51e9d53e8c1\",\"status\":\"304\",\"responseTime\":\"276.188\"}","timestamp":"2024-12-18T05:54:38.279Z"}
{"level":"\u001b[32minfo\u001b[39m","message":"{\"method\":\"OPTIONS\",\"url\":\"/chat/accesschat\",\"status\":\"204\",\"responseTime\":\"0.525\"}","timestamp":"2024-12-18T05:54:41.078Z"}
{"level":"\u001b[32minfo\u001b[39m","message":"{\"method\":\"POST\",\"url\":\"/chat/accesschat\",\"status\":\"200\",\"responseTime\":\"317.034\"}","timestamp":"2024-12-18T05:54:41.400Z"}
{"level":"\u001b[32minfo\u001b[39m","message":"{\"method\":\"GET\",\"url\":\"/chat/getchat?userId=676262ce0244f51e9d53e8c1\",\"status\":\"200\",\"responseTime\":\"202.483\"}","timestamp":"2024-12-18T05:54:41.668Z"}
{"level":"\u001b[32minfo\u001b[39m","message":"{\"method\":\"GET\",\"url\":\"/chat/getallmessage?userChatId=676263a10244f51e9d53e9d3\",\"status\":\"200\",\"responseTime\":\"126.438\"}","timestamp":"2024-12-18T05:54:41.855Z"}
{"level":"\u001b[32minfo\u001b[39m","message":"{\"method\":\"OPTIONS\",\"url\":\"/chat/sendmessage\",\"status\":\"204\",\"responseTime\":\"0.623\"}","timestamp":"2024-12-18T05:54:48.607Z"}
{"level":"\u001b[32minfo\u001b[39m","message":"{\"method\":\"POST\",\"url\":\"/chat/sendmessage\",\"status\":\"200\",\"responseTime\":\"328.697\"}","timestamp":"2024-12-18T05:54:48.941Z"}
{"level":"\u001b[32minfo\u001b[39m","message":"{\"method\":\"GET\",\"url\":\"/authorized\",\"status\":\"200\",\"responseTime\":\"1.593\"}","timestamp":"2024-12-18T05:55:43.377Z"}
{"level":"\u001b[32minfo\u001b[39m","message":"{\"method\":\"GET\",\"url\":\"/authorized\",\"status\":\"304\",\"responseTime\":\"1.144\"}","timestamp":"2024-12-18T05:55:43.386Z"}
{"level":"\u001b[32minfo\u001b[39m","message":"{\"method\":\"GET\",\"url\":\"/authorized\",\"status\":\"304\",\"responseTime\":\"4.287\"}","timestamp":"2024-12-18T05:55:46.721Z"}
{"level":"\u001b[32minfo\u001b[39m","message":"{\"method\":\"GET\",\"url\":\"/authorized\",\"status\":\"304\",\"responseTime\":\"1.323\"}","timestamp":"2024-12-18T05:55:46.728Z"}
{"level":"\u001b[32minfo\u001b[39m","message":"{\"method\":\"OPTIONS\",\"url\":\"/checkMail\",\"status\":\"204\",\"responseTime\":\"0.159\"}","timestamp":"2024-12-18T05:55:49.194Z"}
{"level":"\u001b[32minfo\u001b[39m","message":"{\"method\":\"POST\",\"url\":\"/checkMail\",\"status\":\"200\",\"responseTime\":\"75.815\"}","timestamp":"2024-12-18T05:55:49.272Z"}
{"level":"\u001b[32minfo\u001b[39m","message":"{\"method\":\"OPTIONS\",\"url\":\"/userLogin\",\"status\":\"204\",\"responseTime\":\"0.160\"}","timestamp":"2024-12-18T05:55:53.123Z"}
{"level":"\u001b[32minfo\u001b[39m","message":"{\"method\":\"POST\",\"url\":\"/userLogin\",\"status\":\"200\",\"responseTime\":\"181.398\"}","timestamp":"2024-12-18T05:55:53.309Z"}
{"level":"\u001b[32minfo\u001b[39m","message":"{\"method\":\"GET\",\"url\":\"/authorized\",\"status\":\"200\",\"responseTime\":\"72.312\"}","timestamp":"2024-12-18T05:55:53.419Z"}
{"level":"\u001b[32minfo\u001b[39m","message":"{\"method\":\"GET\",\"url\":\"/authorized\",\"status\":\"304\",\"responseTime\":\"59.289\"}","timestamp":"2024-12-18T05:55:53.480Z"}
{"level":"\u001b[32minfo\u001b[39m","message":"{\"method\":\"GET\",\"url\":\"/userDetails?email=hayafoy743%40aleitar.com\",\"status\":\"200\",\"responseTime\":\"109.125\"}","timestamp":"2024-12-18T05:55:53.537Z"}
{"level":"\u001b[32minfo\u001b[39m","message":"{\"method\":\"GET\",\"url\":\"/authorized\",\"status\":\"304\",\"responseTime\":\"54.698\"}","timestamp":"2024-12-18T05:55:56.616Z"}
{"level":"\u001b[32minfo\u001b[39m","message":"{\"method\":\"GET\",\"url\":\"/authorized\",\"status\":\"304\",\"responseTime\":\"59.978\"}","timestamp":"2024-12-18T05:55:56.683Z"}
{"level":"\u001b[32minfo\u001b[39m","message":"{\"method\":\"GET\",\"url\":\"/userDetails?email=hayafoy743%40aleitar.com\",\"status\":\"304\",\"responseTime\":\"131.765\"}","timestamp":"2024-12-18T05:55:56.699Z"}
{"level":"\u001b[32minfo\u001b[39m","message":"{\"method\":\"GET\",\"url\":\"/userDetails?email=hayafoy743%40aleitar.com\",\"status\":\"304\",\"responseTime\":\"117.686\"}","timestamp":"2024-12-18T05:55:56.819Z"}
{"level":"\u001b[32minfo\u001b[39m","message":"{\"method\":\"GET\",\"url\":\"/chat/getchat?userId=671def80de8c2dacbe2de663\",\"status\":\"200\",\"responseTime\":\"204.117\"}","timestamp":"2024-12-18T05:55:57.713Z"}
{"level":"\u001b[32minfo\u001b[39m","message":"{\"method\":\"GET\",\"url\":\"/chat/getallmessage?userChatId=676263a10244f51e9d53e9d3\",\"status\":\"200\",\"responseTime\":\"169.023\"}","timestamp":"2024-12-18T05:55:59.415Z"}
{"level":"\u001b[32minfo\u001b[39m","message":"{\"method\":\"OPTIONS\",\"url\":\"/chat/sendmessage\",\"status\":\"204\",\"responseTime\":\"0.298\"}","timestamp":"2024-12-18T05:56:10.988Z"}
{"level":"\u001b[32minfo\u001b[39m","message":"{\"method\":\"POST\",\"url\":\"/chat/sendmessage\",\"status\":\"200\",\"responseTime\":\"572.163\"}","timestamp":"2024-12-18T05:56:11.564Z"}
{"level":"\u001b[32minfo\u001b[39m","message":"{\"method\":\"OPTIONS\",\"url\":\"/chat/sendmessage\",\"status\":\"204\",\"responseTime\":\"0.590\"}","timestamp":"2024-12-18T05:56:16.662Z"}
{"level":"\u001b[32minfo\u001b[39m","message":"{\"method\":\"POST\",\"url\":\"/chat/sendmessage\",\"status\":\"200\",\"responseTime\":\"340.409\"}","timestamp":"2024-12-18T05:56:17.007Z"}
{"level":"\u001b[32minfo\u001b[39m","message":"{\"method\":\"GET\",\"url\":\"/authorized\",\"status\":\"304\",\"responseTime\":\"80.910\"}","timestamp":"2024-12-18T05:56:22.196Z"}
{"level":"\u001b[32minfo\u001b[39m","message":"{\"method\":\"GET\",\"url\":\"/userDetails?email=reliki8126%40ronete.com\",\"status\":\"304\",\"responseTime\":\"117.350\"}","timestamp":"2024-12-18T05:56:22.238Z"}
{"level":"\u001b[32minfo\u001b[39m","message":"{\"method\":\"GET\",\"url\":\"/authorized\",\"status\":\"304\",\"responseTime\":\"59.963\"}","timestamp":"2024-12-18T05:56:22.268Z"}
{"level":"\u001b[32minfo\u001b[39m","message":"{\"method\":\"GET\",\"url\":\"/userDetails?email=reliki8126%40ronete.com\",\"status\":\"304\",\"responseTime\":\"100.821\"}","timestamp":"2024-12-18T05:56:22.342Z"}
{"level":"\u001b[32minfo\u001b[39m","message":"{\"method\":\"GET\",\"url\":\"/authorized\",\"status\":\"304\",\"responseTime\":\"51.998\"}","timestamp":"2024-12-18T05:56:28.068Z"}
{"level":"\u001b[32minfo\u001b[39m","message":"{\"method\":\"GET\",\"url\":\"/authorized\",\"status\":\"304\",\"responseTime\":\"56.653\"}","timestamp":"2024-12-18T05:56:28.128Z"}
{"level":"\u001b[32minfo\u001b[39m","message":"{\"method\":\"GET\",\"url\":\"/userDetails?email=reliki8126%40ronete.com\",\"status\":\"304\",\"responseTime\":\"117.720\"}","timestamp":"2024-12-18T05:56:28.139Z"}
{"level":"\u001b[32minfo\u001b[39m","message":"{\"method\":\"GET\",\"url\":\"/userDetails?email=reliki8126%40ronete.com\",\"status\":\"304\",\"responseTime\":\"118.784\"}","timestamp":"2024-12-18T05:56:28.265Z"}
{"level":"\u001b[32minfo\u001b[39m","message":"{\"method\":\"GET\",\"url\":\"/authorized\",\"status\":\"304\",\"responseTime\":\"66.386\"}","timestamp":"2024-12-18T05:56:29.951Z"}
{"level":"\u001b[32minfo\u001b[39m","message":"{\"method\":\"GET\",\"url\":\"/userDetails?email=reliki8126%40ronete.com\",\"status\":\"304\",\"responseTime\":\"98.550\"}","timestamp":"2024-12-18T05:56:29.988Z"}
{"level":"\u001b[32minfo\u001b[39m","message":"{\"method\":\"GET\",\"url\":\"/authorized\",\"status\":\"304\",\"responseTime\":\"71.023\"}","timestamp":"2024-12-18T05:56:30.025Z"}
{"level":"\u001b[32minfo\u001b[39m","message":"{\"method\":\"GET\",\"url\":\"/userDetails?email=reliki8126%40ronete.com\",\"status\":\"304\",\"responseTime\":\"113.749\"}","timestamp":"2024-12-18T05:56:30.108Z"}
{"level":"\u001b[32minfo\u001b[39m","message":"{\"method\":\"GET\",\"url\":\"/chat/getchat?userId=671def80de8c2dacbe2de663\",\"status\":\"200\",\"responseTime\":\"200.612\"}","timestamp":"2024-12-18T05:56:39.006Z"}
{"level":"\u001b[32minfo\u001b[39m","message":"{\"method\":\"GET\",\"url\":\"/authorized\",\"status\":\"304\",\"responseTime\":\"50.796\"}","timestamp":"2024-12-18T05:56:41.755Z"}
{"level":"\u001b[32minfo\u001b[39m","message":"{\"method\":\"GET\",\"url\":\"/authorized\",\"status\":\"304\",\"responseTime\":\"52.740\"}","timestamp":"2024-12-18T05:56:41.819Z"}
{"level":"\u001b[32minfo\u001b[39m","message":"{\"method\":\"GET\",\"url\":\"/userDetails?email=reliki8126%40ronete.com\",\"status\":\"304\",\"responseTime\":\"125.968\"}","timestamp":"2024-12-18T05:56:41.828Z"}
{"level":"\u001b[32minfo\u001b[39m","message":"{\"method\":\"GET\",\"url\":\"/userorders?userId=676262ce0244f51e9d53e8c1\",\"status\":\"304\",\"responseTime\":\"240.504\"}","timestamp":"2024-12-18T05:56:41.962Z"}
{"level":"\u001b[32minfo\u001b[39m","message":"{\"method\":\"GET\",\"url\":\"/userDetails?email=reliki8126%40ronete.com\",\"status\":\"304\",\"responseTime\":\"123.135\"}","timestamp":"2024-12-18T05:56:41.964Z"}
{"level":"\u001b[32minfo\u001b[39m","message":"{\"method\":\"GET\",\"url\":\"/userorders?userId=676262ce0244f51e9d53e8c1\",\"status\":\"304\",\"responseTime\":\"235.780\"}","timestamp":"2024-12-18T05:56:42.202Z"}
{"level":"\u001b[32minfo\u001b[39m","message":"{\"method\":\"OPTIONS\",\"url\":\"/chat/accesschat\",\"status\":\"204\",\"responseTime\":\"0.266\"}","timestamp":"2024-12-18T05:56:48.461Z"}
{"level":"\u001b[32minfo\u001b[39m","message":"{\"method\":\"POST\",\"url\":\"/chat/accesschat\",\"status\":\"200\",\"responseTime\":\"191.214\"}","timestamp":"2024-12-18T05:56:48.656Z"}
{"level":"\u001b[32minfo\u001b[39m","message":"{\"method\":\"GET\",\"url\":\"/chat/getchat?userId=676262ce0244f51e9d53e8c1\",\"status\":\"200\",\"responseTime\":\"180.512\"}","timestamp":"2024-12-18T05:56:48.890Z"}
{"level":"\u001b[32minfo\u001b[39m","message":"{\"method\":\"GET\",\"url\":\"/chat/getallmessage?userChatId=676263a10244f51e9d53e9d3\",\"status\":\"200\",\"responseTime\":\"187.536\"}","timestamp":"2024-12-18T05:56:49.151Z"}
{"level":"\u001b[32minfo\u001b[39m","message":"{\"method\":\"OPTIONS\",\"url\":\"/chat/sendmessage\",\"status\":\"204\",\"responseTime\":\"0.289\"}","timestamp":"2024-12-18T05:56:52.868Z"}
{"level":"\u001b[32minfo\u001b[39m","message":"{\"method\":\"POST\",\"url\":\"/chat/sendmessage\",\"status\":\"200\",\"responseTime\":\"372.461\"}","timestamp":"2024-12-18T05:56:53.244Z"}
{"level":"\u001b[32minfo\u001b[39m","message":"{\"method\":\"OPTIONS\",\"url\":\"/chat/sendmessage\",\"status\":\"204\",\"responseTime\":\"0.263\"}","timestamp":"2024-12-18T05:56:55.995Z"}
{"level":"\u001b[32minfo\u001b[39m","message":"{\"method\":\"POST\",\"url\":\"/chat/sendmessage\",\"status\":\"200\",\"responseTime\":\"302.143\"}","timestamp":"2024-12-18T05:56:56.301Z"}
{"level":"\u001b[32minfo\u001b[39m","message":"{\"method\":\"GET\",\"url\":\"/authorized\",\"status\":\"304\",\"responseTime\":\"70.609\"}","timestamp":"2024-12-18T05:57:29.130Z"}
{"level":"\u001b[32minfo\u001b[39m","message":"{\"method\":\"GET\",\"url\":\"/userDetails?email=reliki8126%40ronete.com\",\"status\":\"304\",\"responseTime\":\"141.324\"}","timestamp":"2024-12-18T05:57:29.201Z"}
{"level":"\u001b[32minfo\u001b[39m","message":"{\"method\":\"GET\",\"url\":\"/authorized\",\"status\":\"304\",\"responseTime\":\"74.024\"}","timestamp":"2024-12-18T05:57:29.208Z"}
{"level":"\u001b[32minfo\u001b[39m","message":"{\"method\":\"GET\",\"url\":\"/userDetails?email=reliki8126%40ronete.com\",\"status\":\"304\",\"responseTime\":\"131.787\"}","timestamp":"2024-12-18T05:57:29.345Z"}
{"level":"\u001b[32minfo\u001b[39m","message":"{\"method\":\"GET\",\"url\":\"/authorized\",\"status\":\"304\",\"responseTime\":\"74.633\"}","timestamp":"2024-12-18T05:57:31.394Z"}
{"level":"\u001b[32minfo\u001b[39m","message":"{\"method\":\"GET\",\"url\":\"/userDetails?email=reliki8126%40ronete.com\",\"status\":\"304\",\"responseTime\":\"98.184\"}","timestamp":"2024-12-18T05:57:31.423Z"}
{"level":"\u001b[32minfo\u001b[39m","message":"{\"method\":\"GET\",\"url\":\"/authorized\",\"status\":\"304\",\"responseTime\":\"72.811\"}","timestamp":"2024-12-18T05:57:31.486Z"}
{"level":"\u001b[32minfo\u001b[39m","message":"{\"method\":\"GET\",\"url\":\"/userDetails?email=reliki8126%40ronete.com\",\"status\":\"304\",\"responseTime\":\"103.938\"}","timestamp":"2024-12-18T05:57:31.532Z"}
{"level":"\u001b[32minfo\u001b[39m","message":"{\"method\":\"POST\",\"url\":\"/logout\",\"status\":\"200\",\"responseTime\":\"1.139\"}","timestamp":"2024-12-18T05:57:38.675Z"}
{"level":"\u001b[32minfo\u001b[39m","message":"{\"method\":\"GET\",\"url\":\"/authorized\",\"status\":\"200\",\"responseTime\":\"3.320\"}","timestamp":"2024-12-18T05:57:38.727Z"}
{"level":"\u001b[32minfo\u001b[39m","message":"{\"method\":\"GET\",\"url\":\"/authorized\",\"status\":\"304\",\"responseTime\":\"1.770\"}","timestamp":"2024-12-18T05:57:38.733Z"}
{"level":"\u001b[32minfo\u001b[39m","message":"{\"method\":\"GET\",\"url\":\"/authorized\",\"status\":\"304\",\"responseTime\":\"71.675\"}","timestamp":"2024-12-18T05:57:58.121Z"}
{"level":"\u001b[32minfo\u001b[39m","message":"{\"method\":\"GET\",\"url\":\"/authorized\",\"status\":\"304\",\"responseTime\":\"76.005\"}","timestamp":"2024-12-18T05:57:58.200Z"}
{"level":"\u001b[32minfo\u001b[39m","message":"{\"method\":\"GET\",\"url\":\"/userDetails?email=reliki8126%40ronete.com\",\"status\":\"304\",\"responseTime\":\"145.441\"}","timestamp":"2024-12-18T05:57:58.203Z"}
{"level":"\u001b[32minfo\u001b[39m","message":"{\"method\":\"GET\",\"url\":\"/userDetails?email=reliki8126%40ronete.com\",\"status\":\"304\",\"responseTime\":\"141.216\"}","timestamp":"2024-12-18T05:57:58.346Z"}
{"level":"\u001b[32minfo\u001b[39m","message":"{\"method\":\"GET\",\"url\":\"/authorized\",\"status\":\"304\",\"responseTime\":\"79.428\"}","timestamp":"2024-12-18T05:58:03.405Z"}
{"level":"\u001b[32minfo\u001b[39m","message":"{\"method\":\"GET\",\"url\":\"/userDetails?email=reliki8126%40ronete.com\",\"status\":\"304\",\"responseTime\":\"164.901\"}","timestamp":"2024-12-18T05:58:03.496Z"}
{"level":"\u001b[32minfo\u001b[39m","message":"{\"method\":\"GET\",\"url\":\"/authorized\",\"status\":\"304\",\"responseTime\":\"100.612\"}","timestamp":"2024-12-18T05:58:03.507Z"}
{"level":"\u001b[32minfo\u001b[39m","message":"{\"method\":\"GET\",\"url\":\"/userDetails?email=reliki8126%40ronete.com\",\"status\":\"304\",\"responseTime\":\"121.434\"}","timestamp":"2024-12-18T05:58:03.624Z"}
{"level":"\u001b[32minfo\u001b[39m","message":"{\"method\":\"GET\",\"url\":\"/userDetails?email=reliki8126%40ronete.com\",\"status\":\"304\",\"responseTime\":\"117.583\"}","timestamp":"2024-12-18T05:58:03.744Z"}
{"level":"\u001b[32minfo\u001b[39m","message":"{\"method\":\"GET\",\"url\":\"/userDetails?email=reliki8126%40ronete.com\",\"status\":\"304\",\"responseTime\":\"104.578\"}","timestamp":"2024-12-18T05:58:03.851Z"}
{"level":"\u001b[32minfo\u001b[39m","message":"{\"method\":\"GET\",\"url\":\"/userDetails?email=reliki8126%40ronete.com\",\"status\":\"304\",\"responseTime\":\"144.258\"}","timestamp":"2024-12-18T05:58:03.997Z"}
{"level":"\u001b[32minfo\u001b[39m","message":"{\"method\":\"GET\",\"url\":\"/authorized\",\"status\":\"304\",\"responseTime\":\"55.327\"}","timestamp":"2024-12-18T05:58:04.572Z"}
{"level":"\u001b[32minfo\u001b[39m","message":"{\"method\":\"GET\",\"url\":\"/getcarmake\",\"status\":\"304\",\"responseTime\":\"64.105\"}","timestamp":"2024-12-18T05:58:04.589Z"}
{"level":"\u001b[32minfo\u001b[39m","message":"{\"method\":\"GET\",\"url\":\"/getcartype\",\"status\":\"304\",\"responseTime\":\"77.843\"}","timestamp":"2024-12-18T05:58:04.605Z"}
{"level":"\u001b[32minfo\u001b[39m","message":"{\"method\":\"GET\",\"url\":\"/authorized\",\"status\":\"304\",\"responseTime\":\"81.347\"}","timestamp":"2024-12-18T05:58:04.655Z"}
{"level":"\u001b[32minfo\u001b[39m","message":"{\"method\":\"GET\",\"url\":\"/getcarmake\",\"status\":\"304\",\"responseTime\":\"67.110\"}","timestamp":"2024-12-18T05:58:04.659Z"}
{"level":"\u001b[32minfo\u001b[39m","message":"{\"method\":\"GET\",\"url\":\"/userDetails?email=reliki8126%40ronete.com\",\"status\":\"304\",\"responseTime\":\"145.892\"}","timestamp":"2024-12-18T05:58:04.670Z"}
{"level":"\u001b[32minfo\u001b[39m","message":"{\"method\":\"GET\",\"url\":\"/getcartype\",\"status\":\"304\",\"responseTime\":\"59.458\"}","timestamp":"2024-12-18T05:58:04.672Z"}
{"level":"\u001b[32minfo\u001b[39m","message":"{\"method\":\"GET\",\"url\":\"/userDetails?email=reliki8126%40ronete.com\",\"status\":\"304\",\"responseTime\":\"103.395\"}","timestamp":"2024-12-18T05:58:04.777Z"}
{"level":"\u001b[32minfo\u001b[39m","message":"{\"method\":\"GET\",\"url\":\"/authorized\",\"status\":\"304\",\"responseTime\":\"80.235\"}","timestamp":"2024-12-18T05:58:14.097Z"}
{"level":"\u001b[32minfo\u001b[39m","message":"{\"method\":\"GET\",\"url\":\"/authorized\",\"status\":\"304\",\"responseTime\":\"59.611\"}","timestamp":"2024-12-18T05:58:14.161Z"}
{"level":"\u001b[32minfo\u001b[39m","message":"{\"method\":\"GET\",\"url\":\"/userDetails?email=reliki8126%40ronete.com\",\"status\":\"304\",\"responseTime\":\"144.999\"}","timestamp":"2024-12-18T05:58:14.166Z"}
{"level":"\u001b[32minfo\u001b[39m","message":"{\"method\":\"GET\",\"url\":\"/userDetails?email=reliki8126%40ronete.com\",\"status\":\"304\",\"responseTime\":\"210.490\"}","timestamp":"2024-12-18T05:58:14.379Z"}
{"level":"\u001b[32minfo\u001b[39m","message":"{\"method\":\"GET\",\"url\":\"/authorized\",\"status\":\"304\",\"responseTime\":\"61.096\"}","timestamp":"2024-12-18T05:58:17.211Z"}
{"level":"\u001b[32minfo\u001b[39m","message":"{\"method\":\"GET\",\"url\":\"/authorized\",\"status\":\"304\",\"responseTime\":\"66.741\"}","timestamp":"2024-12-18T05:58:17.283Z"}
{"level":"\u001b[32minfo\u001b[39m","message":"{\"method\":\"GET\",\"url\":\"/userDetails?email=reliki8126%40ronete.com\",\"status\":\"304\",\"responseTime\":\"154.122\"}","timestamp":"2024-12-18T05:58:17.310Z"}
{"level":"\u001b[32minfo\u001b[39m","message":"{\"method\":\"GET\",\"url\":\"/userDetails?email=reliki8126%40ronete.com\",\"status\":\"304\",\"responseTime\":\"98.256\"}","timestamp":"2024-12-18T05:58:17.411Z"}
{"level":"\u001b[32minfo\u001b[39m","message":"{\"method\":\"GET\",\"url\":\"/authorized\",\"status\":\"304\",\"responseTime\":\"57.963\"}","timestamp":"2024-12-18T05:58:19.375Z"}
{"level":"\u001b[32minfo\u001b[39m","message":"{\"method\":\"GET\",\"url\":\"/authorized\",\"status\":\"304\",\"responseTime\":\"59.958\"}","timestamp":"2024-12-18T05:58:19.437Z"}
{"level":"\u001b[32minfo\u001b[39m","message":"{\"method\":\"GET\",\"url\":\"/userDetails?email=reliki8126%40ronete.com\",\"status\":\"304\",\"responseTime\":\"122.671\"}","timestamp":"2024-12-18T05:58:19.443Z"}
{"level":"\u001b[32minfo\u001b[39m","message":"{\"method\":\"GET\",\"url\":\"/userDetails?email=reliki8126%40ronete.com\",\"status\":\"304\",\"responseTime\":\"112.593\"}","timestamp":"2024-12-18T05:58:19.560Z"}
{"level":"\u001b[32minfo\u001b[39m","message":"{\"method\":\"GET\",\"url\":\"/authorized\",\"status\":\"304\",\"responseTime\":\"73.198\"}","timestamp":"2024-12-18T05:58:28.204Z"}
{"level":"\u001b[32minfo\u001b[39m","message":"{\"method\":\"GET\",\"url\":\"/userDetails?email=reliki8126%40ronete.com\",\"status\":\"304\",\"responseTime\":\"109.281\"}","timestamp":"2024-12-18T05:58:28.246Z"}
{"level":"\u001b[32minfo\u001b[39m","message":"{\"method\":\"GET\",\"url\":\"/authorized\",\"status\":\"304\",\"responseTime\":\"65.772\"}","timestamp":"2024-12-18T05:58:28.280Z"}
{"level":"\u001b[32minfo\u001b[39m","message":"{\"method\":\"GET\",\"url\":\"/userDetails?email=reliki8126%40ronete.com\",\"status\":\"304\",\"responseTime\":\"142.397\"}","timestamp":"2024-12-18T05:58:28.395Z"}
{"level":"\u001b[32minfo\u001b[39m","message":"{\"method\":\"GET\",\"url\":\"/userDetails?email=reliki8126%40ronete.com\",\"status\":\"304\",\"responseTime\":\"113.253\"}","timestamp":"2024-12-18T05:58:28.510Z"}
{"level":"\u001b[32minfo\u001b[39m","message":"{\"method\":\"GET\",\"url\":\"/userDetails?email=reliki8126%40ronete.com\",\"status\":\"304\",\"responseTime\":\"93.533\"}","timestamp":"2024-12-18T05:58:28.606Z"}
{"level":"\u001b[32minfo\u001b[39m","message":"{\"method\":\"GET\",\"url\":\"/userDetails?email=reliki8126%40ronete.com\",\"status\":\"304\",\"responseTime\":\"105.119\"}","timestamp":"2024-12-18T05:58:28.713Z"}
{"level":"\u001b[32minfo\u001b[39m","message":"{\"method\":\"GET\",\"url\":\"/getcarmake\",\"status\":\"304\",\"responseTime\":\"85.509\"}","timestamp":"2024-12-18T05:58:29.294Z"}
{"level":"\u001b[32minfo\u001b[39m","message":"{\"method\":\"GET\",\"url\":\"/getcartype\",\"status\":\"304\",\"responseTime\":\"85.262\"}","timestamp":"2024-12-18T05:58:29.295Z"}
{"level":"\u001b[32minfo\u001b[39m","message":"{\"method\":\"GET\",\"url\":\"/authorized\",\"status\":\"304\",\"responseTime\":\"130.832\"}","timestamp":"2024-12-18T05:58:29.329Z"}
{"level":"\u001b[32minfo\u001b[39m","message":"{\"method\":\"GET\",\"url\":\"/getcartype\",\"status\":\"304\",\"responseTime\":\"52.522\"}","timestamp":"2024-12-18T05:58:29.352Z"}
{"level":"\u001b[32minfo\u001b[39m","message":"{\"method\":\"GET\",\"url\":\"/userDetails?email=reliki8126%40ronete.com\",\"status\":\"304\",\"responseTime\":\"162.324\"}","timestamp":"2024-12-18T05:58:29.366Z"}
{"level":"\u001b[32minfo\u001b[39m","message":"{\"method\":\"GET\",\"url\":\"/getcarmake\",\"status\":\"304\",\"responseTime\":\"72.651\"}","timestamp":"2024-12-18T05:58:29.371Z"}
{"level":"\u001b[32minfo\u001b[39m","message":"{\"method\":\"GET\",\"url\":\"/authorized\",\"status\":\"304\",\"responseTime\":\"55.337\"}","timestamp":"2024-12-18T05:58:29.388Z"}
{"level":"\u001b[32minfo\u001b[39m","message":"{\"method\":\"GET\",\"url\":\"/userDetails?email=reliki8126%40ronete.com\",\"status\":\"304\",\"responseTime\":\"117.377\"}","timestamp":"2024-12-18T05:58:29.487Z"}
{"level":"\u001b[32minfo\u001b[39m","message":"{\"method\":\"GET\",\"url\":\"/authorized\",\"status\":\"304\",\"responseTime\":\"53.521\"}","timestamp":"2024-12-18T05:58:53.823Z"}
{"level":"\u001b[32minfo\u001b[39m","message":"{\"method\":\"GET\",\"url\":\"/authorized\",\"status\":\"304\",\"responseTime\":\"61.838\"}","timestamp":"2024-12-18T05:58:53.890Z"}
{"level":"\u001b[32minfo\u001b[39m","message":"{\"method\":\"GET\",\"url\":\"/userDetails?email=reliki8126%40ronete.com\",\"status\":\"304\",\"responseTime\":\"127.752\"}","timestamp":"2024-12-18T05:58:53.903Z"}
{"level":"\u001b[32minfo\u001b[39m","message":"{\"method\":\"GET\",\"url\":\"/userDetails?email=reliki8126%40ronete.com\",\"status\":\"304\",\"responseTime\":\"126.147\"}","timestamp":"2024-12-18T05:58:54.032Z"}
{"level":"\u001b[32minfo\u001b[39m","message":"{\"method\":\"GET\",\"url\":\"/authorized\",\"status\":\"304\",\"responseTime\":\"52.762\"}","timestamp":"2024-12-18T05:58:54.997Z"}
{"level":"\u001b[32minfo\u001b[39m","message":"{\"method\":\"GET\",\"url\":\"/getcartype\",\"status\":\"304\",\"responseTime\":\"52.052\"}","timestamp":"2024-12-18T05:58:55.013Z"}
{"level":"\u001b[32minfo\u001b[39m","message":"{\"method\":\"GET\",\"url\":\"/getcarmake\",\"status\":\"304\",\"responseTime\":\"78.571\"}","timestamp":"2024-12-18T05:58:55.041Z"}
{"level":"\u001b[32minfo\u001b[39m","message":"{\"method\":\"GET\",\"url\":\"/authorized\",\"status\":\"304\",\"responseTime\":\"57.825\"}","timestamp":"2024-12-18T05:58:55.061Z"}
{"level":"\u001b[32minfo\u001b[39m","message":"{\"method\":\"GET\",\"url\":\"/userDetails?email=reliki8126%40ronete.com\",\"status\":\"304\",\"responseTime\":\"125.346\"}","timestamp":"2024-12-18T05:58:55.077Z"}
{"level":"\u001b[32minfo\u001b[39m","message":"{\"method\":\"GET\",\"url\":\"/getcartype\",\"status\":\"304\",\"responseTime\":\"77.193\"}","timestamp":"2024-12-18T05:58:55.177Z"}
{"level":"\u001b[32minfo\u001b[39m","message":"{\"method\":\"GET\",\"url\":\"/getcarmake\",\"status\":\"304\",\"responseTime\":\"56.345\"}","timestamp":"2024-12-18T05:58:55.180Z"}
{"level":"\u001b[32minfo\u001b[39m","message":"{\"method\":\"GET\",\"url\":\"/getrentcardetails?sort=&distance[]=0&userSearch=&lng=75.8882395&lat=11.1525199&carMake=&dateFrom=2024-12-23T08:30:00.000Z&dateTo=2024-12-25T23:30:00.000Z&userId=676262ce0244f51e9d53e8c1\",\"status\":\"200\",\"responseTime\":\"272.599\"}","timestamp":"2024-12-18T05:58:55.228Z"}
{"level":"\u001b[32minfo\u001b[39m","message":"{\"method\":\"GET\",\"url\":\"/userDetails?email=reliki8126%40ronete.com\",\"status\":\"304\",\"responseTime\":\"120.526\"}","timestamp":"2024-12-18T05:58:55.248Z"}
{"level":"\u001b[32minfo\u001b[39m","message":"{\"method\":\"GET\",\"url\":\"/getrentcardetails?sort=Relevance&distance[]=0&userSearch=&lng=75.8882395&lat=11.1525199&carMake=&dateFrom=2024-12-23T08:30:00.000Z&dateTo=2024-12-25T23:30:00.000Z&userId=676262ce0244f51e9d53e8c1\",\"status\":\"200\",\"responseTime\":\"212.815\"}","timestamp":"2024-12-18T05:58:55.325Z"}
{"level":"\u001b[32minfo\u001b[39m","message":"{\"method\":\"GET\",\"url\":\"/getrentcardetails?sort=&distance[]=0&userSearch=&lng=75.8882395&lat=11.1525199&carMake=&dateFrom=2024-12-23T08:30:00.000Z&dateTo=2024-12-25T23:30:00.000Z&userId=676262ce0244f51e9d53e8c1\",\"status\":\"304\",\"responseTime\":\"282.933\"}","timestamp":"2024-12-18T05:58:55.513Z"}
{"level":"\u001b[32minfo\u001b[39m","message":"{\"method\":\"GET\",\"url\":\"/authorized\",\"status\":\"304\",\"responseTime\":\"65.838\"}","timestamp":"2024-12-18T05:59:33.532Z"}
{"level":"\u001b[32minfo\u001b[39m","message":"{\"method\":\"GET\",\"url\":\"/userDetails?email=reliki8126%40ronete.com\",\"status\":\"304\",\"responseTime\":\"123.237\"}","timestamp":"2024-12-18T05:59:33.598Z"}
{"level":"\u001b[32minfo\u001b[39m","message":"{\"method\":\"GET\",\"url\":\"/authorized\",\"status\":\"304\",\"responseTime\":\"76.957\"}","timestamp":"2024-12-18T05:59:33.632Z"}
{"level":"\u001b[32minfo\u001b[39m","message":"{\"method\":\"GET\",\"url\":\"/userDetails?email=reliki8126%40ronete.com\",\"status\":\"304\",\"responseTime\":\"119.441\"}","timestamp":"2024-12-18T05:59:33.719Z"}
{"level":"\u001b[32minfo\u001b[39m","message":"{\"method\":\"GET\",\"url\":\"/authorized\",\"status\":\"304\",\"responseTime\":\"94.818\"}","timestamp":"2024-12-18T05:59:35.888Z"}
{"level":"\u001b[32minfo\u001b[39m","message":"{\"method\":\"GET\",\"url\":\"/authorized\",\"status\":\"304\",\"responseTime\":\"111.325\"}","timestamp":"2024-12-18T05:59:36.001Z"}
{"level":"\u001b[32minfo\u001b[39m","message":"{\"method\":\"GET\",\"url\":\"/userDetails?email=reliki8126%40ronete.com\",\"status\":\"304\",\"responseTime\":\"235.840\"}","timestamp":"2024-12-18T05:59:36.034Z"}
{"level":"\u001b[32minfo\u001b[39m","message":"{\"method\":\"GET\",\"url\":\"/userDetails?email=reliki8126%40ronete.com\",\"status\":\"304\",\"responseTime\":\"312.613\"}","timestamp":"2024-12-18T05:59:36.348Z"}
{"level":"\u001b[32minfo\u001b[39m","message":"{\"method\":\"GET\",\"url\":\"/userDetails?email=reliki8126%40ronete.com\",\"status\":\"304\",\"responseTime\":\"511.166\"}","timestamp":"2024-12-18T05:59:36.863Z"}
{"level":"\u001b[32minfo\u001b[39m","message":"{\"method\":\"GET\",\"url\":\"/authorized\",\"status\":\"304\",\"responseTime\":\"288.987\"}","timestamp":"2024-12-18T05:59:37.001Z"}
{"level":"\u001b[32minfo\u001b[39m","message":"{\"method\":\"GET\",\"url\":\"/getcarmake\",\"status\":\"304\",\"responseTime\":\"292.276\"}","timestamp":"2024-12-18T05:59:37.011Z"}
{"level":"\u001b[32minfo\u001b[39m","message":"{\"method\":\"GET\",\"url\":\"/getcartype\",\"status\":\"304\",\"responseTime\":\"293.675\"}","timestamp":"2024-12-18T05:59:37.013Z"}
{"level":"\u001b[32minfo\u001b[39m","message":"{\"method\":\"GET\",\"url\":\"/getcartype\",\"status\":\"304\",\"responseTime\":\"311.705\"}","timestamp":"2024-12-18T05:59:37.340Z"}
{"level":"\u001b[32minfo\u001b[39m","message":"{\"method\":\"GET\",\"url\":\"/authorized\",\"status\":\"304\",\"responseTime\":\"414.166\"}","timestamp":"2024-12-18T05:59:37.430Z"}
{"level":"\u001b[32minfo\u001b[39m","message":"{\"method\":\"GET\",\"url\":\"/getcarmake\",\"status\":\"304\",\"responseTime\":\"417.077\"}","timestamp":"2024-12-18T05:59:37.435Z"}
{"level":"\u001b[32minfo\u001b[39m","message":"{\"method\":\"GET\",\"url\":\"/userDetails?email=reliki8126%40ronete.com\",\"status\":\"304\",\"responseTime\":\"745.962\"}","timestamp":"2024-12-18T05:59:37.612Z"}
{"level":"\u001b[32minfo\u001b[39m","message":"{\"method\":\"GET\",\"url\":\"/userDetails?email=reliki8126%40ronete.com\",\"status\":\"304\",\"responseTime\":\"781.585\"}","timestamp":"2024-12-18T05:59:38.396Z"}
{"level":"\u001b[32minfo\u001b[39m","message":"{\"method\":\"GET\",\"url\":\"/userDetails?email=reliki8126%40ronete.com\",\"status\":\"304\",\"responseTime\":\"526.837\"}","timestamp":"2024-12-18T05:59:38.930Z"}
{"level":"\u001b[32minfo\u001b[39m","message":"{\"method\":\"GET\",\"url\":\"/userDetails?email=reliki8126%40ronete.com\",\"status\":\"304\",\"responseTime\":\"302.105\"}","timestamp":"2024-12-18T05:59:39.234Z"}
{"level":"\u001b[32minfo\u001b[39m","message":"{\"method\":\"POST\",\"url\":\"/hostregister\",\"status\":\"200\",\"responseTime\":\"1908.480\"}","timestamp":"2024-12-18T06:00:30.884Z"}
{"level":"\u001b[32minfo\u001b[39m","message":"{\"method\":\"OPTIONS\",\"url\":\"/admin/gethostlist\",\"status\":\"204\",\"responseTime\":\"0.236\"}","timestamp":"2024-12-18T06:00:35.754Z"}
{"level":"\u001b[32minfo\u001b[39m","message":"{\"method\":\"OPTIONS\",\"url\":\"/admin/gethostlist\",\"status\":\"204\",\"responseTime\":\"0.260\"}","timestamp":"2024-12-18T06:00:35.757Z"}
{"level":"\u001b[32minfo\u001b[39m","message":"{\"method\":\"GET\",\"url\":\"/admin/gethostlist\",\"status\":\"200\",\"responseTime\":\"84.197\"}","timestamp":"2024-12-18T06:00:35.847Z"}
{"level":"\u001b[32minfo\u001b[39m","message":"{\"method\":\"GET\",\"url\":\"/admin/gethostlist\",\"status\":\"304\",\"responseTime\":\"90.542\"}","timestamp":"2024-12-18T06:00:35.939Z"}
{"level":"\u001b[32minfo\u001b[39m","message":"{\"method\":\"GET\",\"url\":\"/authorized\",\"status\":\"304\",\"responseTime\":\"58.585\"}","timestamp":"2024-12-18T06:00:37.054Z"}
{"level":"\u001b[32minfo\u001b[39m","message":"{\"method\":\"GET\",\"url\":\"/authorized\",\"status\":\"304\",\"responseTime\":\"67.162\"}","timestamp":"2024-12-18T06:00:37.124Z"}
{"level":"\u001b[32minfo\u001b[39m","message":"{\"method\":\"GET\",\"url\":\"/userDetails?email=reliki8126%40ronete.com\",\"status\":\"200\",\"responseTime\":\"130.789\"}","timestamp":"2024-12-18T06:00:37.134Z"}
{"level":"\u001b[32minfo\u001b[39m","message":"{\"method\":\"GET\",\"url\":\"/userDetails?email=reliki8126%40ronete.com\",\"status\":\"304\",\"responseTime\":\"146.570\"}","timestamp":"2024-12-18T06:00:37.283Z"}
{"level":"\u001b[32minfo\u001b[39m","message":"{\"method\":\"OPTIONS\",\"url\":\"/admin/gethostdetails?id=676264fe0244f51e9d53eace\",\"status\":\"204\",\"responseTime\":\"0.273\"}","timestamp":"2024-12-18T06:00:39.585Z"}
{"level":"\u001b[32minfo\u001b[39m","message":"{\"method\":\"OPTIONS\",\"url\":\"/admin/gethostdetails?id=676264fe0244f51e9d53eace\",\"status\":\"204\",\"responseTime\":\"0.338\"}","timestamp":"2024-12-18T06:00:39.593Z"}
{"level":"\u001b[32minfo\u001b[39m","message":"{\"method\":\"GET\",\"url\":\"/admin/gethostdetails?id=676264fe0244f51e9d53eace\",\"status\":\"200\",\"responseTime\":\"57.206\"}","timestamp":"2024-12-18T06:00:39.657Z"}
{"level":"\u001b[32minfo\u001b[39m","message":"{\"method\":\"GET\",\"url\":\"/admin/gethostdetails?id=676264fe0244f51e9d53eace\",\"status\":\"304\",\"responseTime\":\"58.637\"}","timestamp":"2024-12-18T06:00:39.718Z"}
{"level":"\u001b[32minfo\u001b[39m","message":"{\"method\":\"OPTIONS\",\"url\":\"/admin/verifyhost\",\"status\":\"204\",\"responseTime\":\"0.241\"}","timestamp":"2024-12-18T06:00:41.442Z"}
{"level":"\u001b[32minfo\u001b[39m","message":"{\"method\":\"POST\",\"url\":\"/admin/verifyhost\",\"status\":\"200\",\"responseTime\":\"63.146\"}","timestamp":"2024-12-18T06:00:41.509Z"}
{"level":"\u001b[32minfo\u001b[39m","message":"{\"method\":\"GET\",\"url\":\"/admin/gethostdetails?id=676264fe0244f51e9d53eace\",\"status\":\"200\",\"responseTime\":\"51.129\"}","timestamp":"2024-12-18T06:00:41.577Z"}
{"level":"\u001b[32minfo\u001b[39m","message":"{\"method\":\"GET\",\"url\":\"/authorized\",\"status\":\"304\",\"responseTime\":\"58.097\"}","timestamp":"2024-12-18T06:00:45.179Z"}
{"level":"\u001b[32minfo\u001b[39m","message":"{\"method\":\"GET\",\"url\":\"/authorized\",\"status\":\"304\",\"responseTime\":\"68.328\"}","timestamp":"2024-12-18T06:00:45.253Z"}
{"level":"\u001b[32minfo\u001b[39m","message":"{\"method\":\"GET\",\"url\":\"/userDetails?email=reliki8126%40ronete.com\",\"status\":\"304\",\"responseTime\":\"134.161\"}","timestamp":"2024-12-18T06:00:45.257Z"}
{"level":"\u001b[32minfo\u001b[39m","message":"{\"method\":\"GET\",\"url\":\"/userDetails?email=reliki8126%40ronete.com\",\"status\":\"304\",\"responseTime\":\"113.597\"}","timestamp":"2024-12-18T06:00:45.374Z"}
{"level":"\u001b[32minfo\u001b[39m","message":"{\"method\":\"GET\",\"url\":\"/authorized\",\"status\":\"304\",\"responseTime\":\"67.682\"}","timestamp":"2024-12-18T06:00:46.380Z"}
{"level":"\u001b[32minfo\u001b[39m","message":"{\"method\":\"GET\",\"url\":\"/userDetails?email=reliki8126%40ronete.com\",\"status\":\"304\",\"responseTime\":\"124.317\"}","timestamp":"2024-12-18T06:00:46.443Z"}
{"level":"\u001b[32minfo\u001b[39m","message":"{\"method\":\"GET\",\"url\":\"/authorized\",\"status\":\"304\",\"responseTime\":\"65.638\"}","timestamp":"2024-12-18T06:00:46.449Z"}
{"level":"\u001b[32minfo\u001b[39m","message":"{\"method\":\"GET\",\"url\":\"/hostdashboardorders?hostId=676262ce0244f51e9d53e8c1\",\"status\":\"200\",\"responseTime\":\"243.739\"}","timestamp":"2024-12-18T06:00:46.564Z"}
{"level":"\u001b[32minfo\u001b[39m","message":"{\"method\":\"GET\",\"url\":\"/userDetails?email=reliki8126%40ronete.com\",\"status\":\"304\",\"responseTime\":\"185.497\"}","timestamp":"2024-12-18T06:00:46.634Z"}
{"level":"\u001b[32minfo\u001b[39m","message":"{\"method\":\"GET\",\"url\":\"/hostdashboardorders?hostId=676262ce0244f51e9d53e8c1\",\"status\":\"304\",\"responseTime\":\"221.537\"}","timestamp":"2024-12-18T06:00:46.790Z"}
{"level":"\u001b[32minfo\u001b[39m","message":"{\"method\":\"GET\",\"url\":\"/getcardetails?email=reliki8126%40ronete.com\",\"status\":\"200\",\"responseTime\":\"194.552\"}","timestamp":"2024-12-18T06:00:47.880Z"}
{"level":"\u001b[32minfo\u001b[39m","message":"{\"method\":\"GET\",\"url\":\"/getcardetails?email=reliki8126%40ronete.com\",\"status\":\"304\",\"responseTime\":\"210.773\"}","timestamp":"2024-12-18T06:00:48.095Z"}
{"level":"\u001b[32minfo\u001b[39m","message":"{\"method\":\"OPTIONS\",\"url\":\"/setavailablitydate\",\"status\":\"204\",\"responseTime\":\"0.282\"}","timestamp":"2024-12-18T06:00:53.836Z"}
{"level":"\u001b[32minfo\u001b[39m","message":"{\"method\":\"PUT\",\"url\":\"/setavailablitydate\",\"status\":\"200\",\"responseTime\":\"134.331\"}","timestamp":"2024-12-18T06:00:53.974Z"}
{"level":"\u001b[32minfo\u001b[39m","message":"{\"method\":\"GET\",\"url\":\"/getcardetails?email=reliki8126%40ronete.com\",\"status\":\"200\",\"responseTime\":\"173.576\"}","timestamp":"2024-12-18T06:00:54.179Z"}
{"level":"\u001b[32minfo\u001b[39m","message":"{\"method\":\"GET\",\"url\":\"/getcartype\",\"status\":\"304\",\"responseTime\":\"48.492\"}","timestamp":"2024-12-18T06:00:57.810Z"}
{"level":"\u001b[32minfo\u001b[39m","message":"{\"method\":\"GET\",\"url\":\"/getcarmake\",\"status\":\"304\",\"responseTime\":\"56.639\"}","timestamp":"2024-12-18T06:00:57.815Z"}
{"level":"\u001b[32minfo\u001b[39m","message":"{\"method\":\"GET\",\"url\":\"/getcartype\",\"status\":\"304\",\"responseTime\":\"49.059\"}","timestamp":"2024-12-18T06:00:57.861Z"}
{"level":"\u001b[32minfo\u001b[39m","message":"{\"method\":\"GET\",\"url\":\"/getcarmake\",\"status\":\"304\",\"responseTime\":\"63.633\"}","timestamp":"2024-12-18T06:00:57.881Z"}
{"level":"\u001b[32minfo\u001b[39m","message":"{\"method\":\"GET\",\"url\":\"/hostdashboardorders?hostId=676262ce0244f51e9d53e8c1\",\"status\":\"304\",\"responseTime\":\"181.447\"}","timestamp":"2024-12-18T06:00:58.966Z"}
{"level":"\u001b[32minfo\u001b[39m","message":"{\"method\":\"GET\",\"url\":\"/hostdashboardorders?hostId=676262ce0244f51e9d53e8c1\",\"status\":\"304\",\"responseTime\":\"272.970\"}","timestamp":"2024-12-18T06:00:59.241Z"}
{"level":"\u001b[32minfo\u001b[39m","message":"{\"method\":\"GET\",\"url\":\"/authorized\",\"status\":\"304\",\"responseTime\":\"61.630\"}","timestamp":"2024-12-18T06:01:00.148Z"}
{"level":"\u001b[32minfo\u001b[39m","message":"{\"method\":\"GET\",\"url\":\"/authorized\",\"status\":\"304\",\"responseTime\":\"52.949\"}","timestamp":"2024-12-18T06:01:00.204Z"}
{"level":"\u001b[32minfo\u001b[39m","message":"{\"method\":\"GET\",\"url\":\"/userDetails?email=reliki8126%40ronete.com\",\"status\":\"304\",\"responseTime\":\"136.462\"}","timestamp":"2024-12-18T06:01:00.227Z"}
{"level":"\u001b[32minfo\u001b[39m","message":"{\"method\":\"GET\",\"url\":\"/userDetails?email=reliki8126%40ronete.com\",\"status\":\"304\",\"responseTime\":\"227.968\"}","timestamp":"2024-12-18T06:01:00.458Z"}
{"level":"\u001b[32minfo\u001b[39m","message":"{\"method\":\"GET\",\"url\":\"/authorized\",\"status\":\"304\",\"responseTime\":\"75.990\"}","timestamp":"2024-12-18T06:01:02.694Z"}
{"level":"\u001b[32minfo\u001b[39m","message":"{\"method\":\"GET\",\"url\":\"/getcarmake\",\"status\":\"304\",\"responseTime\":\"78.053\"}","timestamp":"2024-12-18T06:01:02.696Z"}
{"level":"\u001b[32minfo\u001b[39m","message":"{\"method\":\"GET\",\"url\":\"/getcartype\",\"status\":\"304\",\"responseTime\":\"107.054\"}","timestamp":"2024-12-18T06:01:02.729Z"}
{"level":"\u001b[32minfo\u001b[39m","message":"{\"method\":\"GET\",\"url\":\"/userDetails?email=reliki8126%40ronete.com\",\"status\":\"304\",\"responseTime\":\"135.532\"}","timestamp":"2024-12-18T06:01:02.750Z"}
{"level":"\u001b[32minfo\u001b[39m","message":"{\"method\":\"GET\",\"url\":\"/authorized\",\"status\":\"304\",\"responseTime\":\"72.664\"}","timestamp":"2024-12-18T06:01:02.788Z"}
{"level":"\u001b[32minfo\u001b[39m","message":"{\"method\":\"GET\",\"url\":\"/getcarmake\",\"status\":\"304\",\"responseTime\":\"79.832\"}","timestamp":"2024-12-18T06:01:02.814Z"}
{"level":"\u001b[32minfo\u001b[39m","message":"{\"method\":\"GET\",\"url\":\"/getcartype\",\"status\":\"304\",\"responseTime\":\"83.485\"}","timestamp":"2024-12-18T06:01:02.831Z"}
{"level":"\u001b[32minfo\u001b[39m","message":"{\"method\":\"GET\",\"url\":\"/getrentcardetails?sort=&distance[]=0&userSearch=&lng=75.8882395&lat=11.1525199&carMake=&dateFrom=2024-12-24T01:00:00.000Z&dateTo=2024-12-26T16:00:00.000Z&userId=676262ce0244f51e9d53e8c1\",\"status\":\"200\",\"responseTime\":\"275.612\"}","timestamp":"2024-12-18T06:01:02.883Z"}
{"level":"\u001b[32minfo\u001b[39m","message":"{\"method\":\"GET\",\"url\":\"/userDetails?email=reliki8126%40ronete.com\",\"status\":\"304\",\"responseTime\":\"137.663\"}","timestamp":"2024-12-18T06:01:02.892Z"}
{"level":"\u001b[32minfo\u001b[39m","message":"{\"method\":\"GET\",\"url\":\"/getrentcardetails?sort=Relevance&distance[]=0&userSearch=&lng=75.8882395&lat=11.1525199&carMake=&dateFrom=2024-12-24T01:00:00.000Z&dateTo=2024-12-26T16:00:00.000Z&userId=676262ce0244f51e9d53e8c1\",\"status\":\"200\",\"responseTime\":\"287.944\"}","timestamp":"2024-12-18T06:01:03.009Z"}
{"level":"\u001b[32minfo\u001b[39m","message":"{\"method\":\"GET\",\"url\":\"/getrentcardetails?sort=&distance[]=0&userSearch=&lng=75.8882395&lat=11.1525199&carMake=&dateFrom=2024-12-24T01:00:00.000Z&dateTo=2024-12-26T16:00:00.000Z&userId=676262ce0244f51e9d53e8c1\",\"status\":\"304\",\"responseTime\":\"236.212\"}","timestamp":"2024-12-18T06:01:03.138Z"}
{"level":"\u001b[32minfo\u001b[39m","message":"{\"method\":\"GET\",\"url\":\"/authorized\",\"status\":\"304\",\"responseTime\":\"63.245\"}","timestamp":"2024-12-18T06:01:05.410Z"}
{"level":"\u001b[32minfo\u001b[39m","message":"{\"method\":\"GET\",\"url\":\"/userDetails?email=reliki8126%40ronete.com\",\"status\":\"304\",\"responseTime\":\"111.981\"}","timestamp":"2024-12-18T06:01:05.462Z"}
{"level":"\u001b[32minfo\u001b[39m","message":"{\"method\":\"GET\",\"url\":\"/authorized\",\"status\":\"304\",\"responseTime\":\"59.545\"}","timestamp":"2024-12-18T06:01:05.476Z"}
{"level":"\u001b[32minfo\u001b[39m","message":"{\"method\":\"GET\",\"url\":\"/userDetails?email=reliki8126%40ronete.com\",\"status\":\"304\",\"responseTime\":\"109.233\"}","timestamp":"2024-12-18T06:01:05.573Z"}
{"level":"\u001b[32minfo\u001b[39m","message":"{\"method\":\"GET\",\"url\":\"/authorized\",\"status\":\"200\",\"responseTime\":\"1.316\"}","timestamp":"2024-12-18T06:01:10.231Z"}
{"level":"\u001b[32minfo\u001b[39m","message":"{\"method\":\"GET\",\"url\":\"/authorized\",\"status\":\"304\",\"responseTime\":\"1.915\"}","timestamp":"2024-12-18T06:01:10.238Z"}
{"level":"\u001b[32minfo\u001b[39m","message":"{\"method\":\"GET\",\"url\":\"/authorized\",\"status\":\"304\",\"responseTime\":\"2.593\"}","timestamp":"2024-12-18T06:01:16.946Z"}
{"level":"\u001b[32minfo\u001b[39m","message":"{\"method\":\"GET\",\"url\":\"/authorized\",\"status\":\"304\",\"responseTime\":\"1.145\"}","timestamp":"2024-12-18T06:01:16.953Z"}
{"level":"\u001b[32minfo\u001b[39m","message":"{\"method\":\"GET\",\"url\":\"/getcartype\",\"status\":\"200\",\"responseTime\":\"53.585\"}","timestamp":"2024-12-18T06:01:16.998Z"}
{"level":"\u001b[32minfo\u001b[39m","message":"{\"method\":\"GET\",\"url\":\"/getcarmake\",\"status\":\"200\",\"responseTime\":\"73.758\"}","timestamp":"2024-12-18T06:01:17.022Z"}
{"level":"\u001b[32minfo\u001b[39m","message":"{\"method\":\"GET\",\"url\":\"/getcartype\",\"status\":\"304\",\"responseTime\":\"56.973\"}","timestamp":"2024-12-18T06:01:17.058Z"}
{"level":"\u001b[32minfo\u001b[39m","message":"{\"method\":\"GET\",\"url\":\"/getcarmake\",\"status\":\"304\",\"responseTime\":\"73.626\"}","timestamp":"2024-12-18T06:01:17.099Z"}
{"level":"\u001b[32minfo\u001b[39m","message":"{\"method\":\"GET\",\"url\":\"/getrentcardetails?sort=&distance[]=0&userSearch=&lng=75.8933078&lat=11.1518102&carMake=&dateFrom=2024-12-18T11:31:10.206Z&dateTo=2024-12-20T00:00:00.000Z\",\"status\":\"200\",\"responseTime\":\"247.349\"}","timestamp":"2024-12-18T06:01:17.192Z"}
{"level":"\u001b[32minfo\u001b[39m","message":"{\"method\":\"GET\",\"url\":\"/getrentcardetails?sort=Relevance&distance[]=0&userSearch=&lng=75.8933078&lat=11.1518102&carMake=&dateFrom=2024-12-18T11:31:10.206Z&dateTo=2024-12-20T00:00:00.000Z\",\"status\":\"200\",\"responseTime\":\"216.107\"}","timestamp":"2024-12-18T06:01:17.201Z"}
{"level":"\u001b[32minfo\u001b[39m","message":"{\"method\":\"GET\",\"url\":\"/getrentcardetails?sort=&distance[]=0&userSearch=&lng=75.8933078&lat=11.1518102&carMake=&dateFrom=2024-12-18T11:31:10.206Z&dateTo=2024-12-20T00:00:00.000Z\",\"status\":\"304\",\"responseTime\":\"288.744\"}","timestamp":"2024-12-18T06:01:17.483Z"}
{"level":"\u001b[32minfo\u001b[39m","message":"{\"method\":\"GET\",\"url\":\"/authorized\",\"status\":\"304\",\"responseTime\":\"1.201\"}","timestamp":"2024-12-18T06:01:21.860Z"}
{"level":"\u001b[32minfo\u001b[39m","message":"{\"method\":\"GET\",\"url\":\"/authorized\",\"status\":\"304\",\"responseTime\":\"0.998\"}","timestamp":"2024-12-18T06:01:21.862Z"}
{"level":"\u001b[32minfo\u001b[39m","message":"{\"method\":\"GET\",\"url\":\"/authorized\",\"status\":\"304\",\"responseTime\":\"4.236\"}","timestamp":"2024-12-18T06:01:30.902Z"}
{"level":"\u001b[32minfo\u001b[39m","message":"{\"method\":\"GET\",\"url\":\"/authorized\",\"status\":\"304\",\"responseTime\":\"3.852\"}","timestamp":"2024-12-18T06:01:30.910Z"}
{"level":"\u001b[32minfo\u001b[39m","message":"{\"method\":\"GET\",\"url\":\"/getcartype\",\"status\":\"304\",\"responseTime\":\"61.036\"}","timestamp":"2024-12-18T06:01:30.963Z"}
{"level":"\u001b[32minfo\u001b[39m","message":"{\"method\":\"GET\",\"url\":\"/getcarmake\",\"status\":\"304\",\"responseTime\":\"57.964\"}","timestamp":"2024-12-18T06:01:30.964Z"}
{"level":"\u001b[32minfo\u001b[39m","message":"{\"method\":\"GET\",\"url\":\"/getcarmake\",\"status\":\"304\",\"responseTime\":\"111.349\"}","timestamp":"2024-12-18T06:01:31.092Z"}
{"level":"\u001b[32minfo\u001b[39m","message":"{\"method\":\"GET\",\"url\":\"/getcartype\",\"status\":\"304\",\"responseTime\":\"128.494\"}","timestamp":"2024-12-18T06:01:31.103Z"}
{"level":"\u001b[32minfo\u001b[39m","message":"{\"method\":\"GET\",\"url\":\"/getrentcardetails?sort=&distance[]=0&userSearch=&lng=75.8933078&lat=11.1518102&carMake=&dateFrom=2024-12-23T00:00:00.000Z&dateTo=2024-12-24T00:00:00.000Z\",\"status\":\"200\",\"responseTime\":\"316.130\"}","timestamp":"2024-12-18T06:01:31.222Z"}
{"level":"\u001b[32minfo\u001b[39m","message":"{\"method\":\"GET\",\"url\":\"/getrentcardetails?sort=Relevance&distance[]=0&userSearch=&lng=75.8933078&lat=11.1518102&carMake=&dateFrom=2024-12-23T00:00:00.000Z&dateTo=2024-12-24T00:00:00.000Z\",\"status\":\"200\",\"responseTime\":\"320.695\"}","timestamp":"2024-12-18T06:01:31.248Z"}
{"level":"\u001b[32minfo\u001b[39m","message":"{\"method\":\"GET\",\"url\":\"/getrentcardetails?sort=&distance[]=0&userSearch=&lng=75.8933078&lat=11.1518102&carMake=&dateFrom=2024-12-23T00:00:00.000Z&dateTo=2024-12-24T00:00:00.000Z\",\"status\":\"304\",\"responseTime\":\"286.792\"}","timestamp":"2024-12-18T06:01:31.512Z"}
{"level":"\u001b[32minfo\u001b[39m","message":"{\"method\":\"GET\",\"url\":\"/authorized\",\"status\":\"304\",\"responseTime\":\"1.463\"}","timestamp":"2024-12-18T06:01:32.331Z"}
{"level":"\u001b[32minfo\u001b[39m","message":"{\"method\":\"GET\",\"url\":\"/getwalletdetails\",\"status\":\"200\",\"responseTime\":\"8.198\"}","timestamp":"2024-12-18T06:01:32.342Z"}
{"level":"\u001b[32minfo\u001b[39m","message":"{\"method\":\"GET\",\"url\":\"/carreview?id=676264fe0244f51e9d53eace\",\"status\":\"200\",\"responseTime\":\"5.688\"}","timestamp":"2024-12-18T06:01:32.350Z"}
{"level":"\u001b[32minfo\u001b[39m","message":"{\"method\":\"GET\",\"url\":\"/authorized\",\"status\":\"304\",\"responseTime\":\"5.600\"}","timestamp":"2024-12-18T06:01:32.351Z"}
{"level":"\u001b[32minfo\u001b[39m","message":"{\"method\":\"GET\",\"url\":\"/carreview?id=676264fe0244f51e9d53eace\",\"status\":\"304\",\"responseTime\":\"4.662\"}","timestamp":"2024-12-18T06:01:32.354Z"}
{"level":"\u001b[32minfo\u001b[39m","message":"{\"method\":\"GET\",\"url\":\"/getwalletdetails\",\"status\":\"304\",\"responseTime\":\"4.582\"}","timestamp":"2024-12-18T06:01:32.355Z"}
{"level":"\u001b[32minfo\u001b[39m","message":"{\"method\":\"GET\",\"url\":\"/cardetails?id=676264fe0244f51e9d53eace\",\"status\":\"200\",\"responseTime\":\"93.730\"}","timestamp":"2024-12-18T06:01:32.433Z"}
{"level":"\u001b[32minfo\u001b[39m","message":"{\"method\":\"GET\",\"url\":\"/cardetails?id=676264fe0244f51e9d53eace\",\"status\":\"304\",\"responseTime\":\"127.564\"}","timestamp":"2024-12-18T06:01:32.564Z"}
{"level":"\u001b[32minfo\u001b[39m","message":"{\"method\":\"GET\",\"url\":\"/authorized\",\"status\":\"304\",\"responseTime\":\"0.759\"}","timestamp":"2024-12-18T06:01:43.923Z"}
{"level":"\u001b[32minfo\u001b[39m","message":"{\"method\":\"GET\",\"url\":\"/authorized\",\"status\":\"304\",\"responseTime\":\"0.955\"}","timestamp":"2024-12-18T06:01:43.926Z"}
